Building DAG of jobs...
Using shell: /usr/bin/bash
Provided cores: 8
Rules claiming more threads will be scaled down.
Job counts:
	count	jobs
	1	run_kraken
	1

[Wed Sep  7 15:10:20 2022]
rule run_kraken:
    input: atavide.out/QC/SRR1237780_good_out_R1.fastq, atavide.out/QC/SRR1237780_good_out_R2.fastq
    output: atavide.out/ReadAnnotations/SRR1237780/kraken/SRR1237780.report.tsv, atavide.out/ReadAnnotations/SRR1237780/kraken/SRR1237780.output.tsv
    jobid: 0
    wildcards: sample=SRR1237780
    threads: 8
    resources: mem_mb=250000, time=1440, load_superfocus=0, load_kraken=0, load_onehundred=0


        kraken2 --report atavide.out/ReadAnnotations/SRR1237780/kraken/SRR1237780.report.tsv                 --output atavide.out/ReadAnnotations/SRR1237780/kraken/SRR1237780.output.tsv                 --threads 8                 --db databases/kraken                 --paired atavide.out/QC/SRR1237780_good_out_R1.fastq atavide.out/QC/SRR1237780_good_out_R2.fastq                 --use-names
        
Activating conda environment: /scratch/user/nala0006/atavide-dev/atavide/atavide/atavide/workflow/conda/330fb15b
Loading database information... done.
23404 sequences (4.68 Mbp) processed in 0.253s (5553.9 Kseq/m, 1111.71 Mbp/m).
  8709 sequences classified (37.21%)
  14695 sequences unclassified (62.79%)
[Wed Sep  7 15:10:26 2022]
Finished job 0.
1 of 1 steps (100%) done
Building DAG of jobs...
Using shell: /usr/bin/bash
Provided cores: 8
Rules claiming more threads will be scaled down.
Job counts:
	count	jobs
	1	run_kraken
	1

[Wed Sep  7 15:26:36 2022]
rule run_kraken:
    input: atavide.out/QC/SRR1237780_good_out_R1.fastq, atavide.out/QC/SRR1237780_good_out_R2.fastq
    output: atavide.out/ReadAnnotations/SRR1237780/kraken/SRR1237780.report.tsv, atavide.out/ReadAnnotations/SRR1237780/kraken/SRR1237780.output.tsv
    jobid: 0
    wildcards: sample=SRR1237780
    threads: 8
    resources: mem_mb=250000, time=1440, load_superfocus=0, load_kraken=0, load_onehundred=0


        kraken2 --report atavide.out/ReadAnnotations/SRR1237780/kraken/SRR1237780.report.tsv                 --output atavide.out/ReadAnnotations/SRR1237780/kraken/SRR1237780.output.tsv                 --threads 8                 --db databases/kraken                 --paired atavide.out/QC/SRR1237780_good_out_R1.fastq atavide.out/QC/SRR1237780_good_out_R2.fastq                 --use-names
        
Activating conda environment: /scratch/user/nala0006/atavide-dev/atavide/atavide/atavide/workflow/conda/330fb15b
Loading database information... done.
23404 sequences (4.68 Mbp) processed in 0.167s (8421.3 Kseq/m, 1685.66 Mbp/m).
  8709 sequences classified (37.21%)
  14695 sequences unclassified (62.79%)
[Wed Sep  7 15:26:42 2022]
Finished job 0.
1 of 1 steps (100%) done
