Building DAG of jobs...
Using shell: /usr/bin/bash
Provided cores: 8
Rules claiming more threads will be scaled down.
Job counts:
	count	jobs
	1	run_kraken
	1

[Wed Sep  7 15:08:27 2022]
rule run_kraken:
    input: atavide.out/QC/SRR1237782_good_out_R1.fastq, atavide.out/QC/SRR1237782_good_out_R2.fastq
    output: atavide.out/ReadAnnotations/SRR1237782/kraken/SRR1237782.report.tsv, atavide.out/ReadAnnotations/SRR1237782/kraken/SRR1237782.output.tsv
    jobid: 0
    wildcards: sample=SRR1237782
    threads: 8
    resources: mem_mb=250000, time=1440, load_superfocus=0, load_kraken=0, load_onehundred=0


        kraken2 --report atavide.out/ReadAnnotations/SRR1237782/kraken/SRR1237782.report.tsv                 --output atavide.out/ReadAnnotations/SRR1237782/kraken/SRR1237782.output.tsv                 --threads 8                 --db databases/kraken                 --paired atavide.out/QC/SRR1237782_good_out_R1.fastq atavide.out/QC/SRR1237782_good_out_R2.fastq                 --use-names
        
Activating conda environment: /scratch/user/nala0006/atavide-dev/atavide/atavide/atavide/workflow/conda/330fb15b
Loading database information... done.
24132 sequences (4.83 Mbp) processed in 0.272s (5318.9 Kseq/m, 1064.11 Mbp/m).
  8970 sequences classified (37.17%)
  15162 sequences unclassified (62.83%)
[Wed Sep  7 15:08:52 2022]
Finished job 0.
1 of 1 steps (100%) done
Building DAG of jobs...
Using shell: /usr/bin/bash
Provided cores: 8
Rules claiming more threads will be scaled down.
Job counts:
	count	jobs
	1	run_kraken
	1

[Wed Sep  7 15:26:08 2022]
rule run_kraken:
    input: atavide.out/QC/SRR1237782_good_out_R1.fastq, atavide.out/QC/SRR1237782_good_out_R2.fastq
    output: atavide.out/ReadAnnotations/SRR1237782/kraken/SRR1237782.report.tsv, atavide.out/ReadAnnotations/SRR1237782/kraken/SRR1237782.output.tsv
    jobid: 0
    wildcards: sample=SRR1237782
    threads: 8
    resources: mem_mb=250000, time=1440, load_superfocus=0, load_kraken=0, load_onehundred=0


        kraken2 --report atavide.out/ReadAnnotations/SRR1237782/kraken/SRR1237782.report.tsv                 --output atavide.out/ReadAnnotations/SRR1237782/kraken/SRR1237782.output.tsv                 --threads 8                 --db databases/kraken                 --paired atavide.out/QC/SRR1237782_good_out_R1.fastq atavide.out/QC/SRR1237782_good_out_R2.fastq                 --use-names
        
Activating conda environment: /scratch/user/nala0006/atavide-dev/atavide/atavide/atavide/workflow/conda/330fb15b
Loading database information... done.
24132 sequences (4.83 Mbp) processed in 0.168s (8639.2 Kseq/m, 1728.37 Mbp/m).
  8970 sequences classified (37.17%)
  15162 sequences unclassified (62.83%)
[Wed Sep  7 15:26:14 2022]
Finished job 0.
1 of 1 steps (100%) done
Building DAG of jobs...
Using shell: /usr/bin/bash
Provided cores: 8
Rules claiming more threads will be scaled down.
Job counts:
	count	jobs
	1	run_kraken
	1

[Wed Sep  7 16:03:57 2022]
rule run_kraken:
    input: atavide.out/QC/SRR1237780_good_out_R1.fastq, atavide.out/QC/SRR1237780_good_out_R2.fastq
    output: atavide.out/ReadAnnotations/SRR1237780/kraken/SRR1237780.report.tsv, atavide.out/ReadAnnotations/SRR1237780/kraken/SRR1237780.output.tsv
    jobid: 0
    wildcards: sample=SRR1237780
    threads: 8
    resources: mem_mb=250000, time=1440, load_superfocus=0, load_kraken=0, load_onehundred=0


        kraken2 --report atavide.out/ReadAnnotations/SRR1237780/kraken/SRR1237780.report.tsv                 --output atavide.out/ReadAnnotations/SRR1237780/kraken/SRR1237780.output.tsv                 --threads 8                 --db databases/kraken                 --paired atavide.out/QC/SRR1237780_good_out_R1.fastq atavide.out/QC/SRR1237780_good_out_R2.fastq                 --use-names
        
Activating conda environment: /scratch/user/nala0006/atavide-dev/atavide/atavide/atavide/workflow/conda/330fb15b
Loading database information... done.
23404 sequences (4.68 Mbp) processed in 0.168s (8357.8 Kseq/m, 1672.95 Mbp/m).
  8709 sequences classified (37.21%)
  14695 sequences unclassified (62.79%)
[Wed Sep  7 16:04:03 2022]
Finished job 0.
1 of 1 steps (100%) done
Building DAG of jobs...
Using shell: /usr/bin/bash
Provided cores: 8
Rules claiming more threads will be scaled down.
Job counts:
	count	jobs
	1	run_kraken
	1

[Thu Sep  8 08:18:35 2022]
rule run_kraken:
    input: atavide.out/QC/SRR1237780_good_out_R1.fastq, atavide.out/QC/SRR1237780_good_out_R2.fastq
    output: atavide.out/ReadAnnotations/SRR1237780/kraken/SRR1237780.report.tsv, atavide.out/ReadAnnotations/SRR1237780/kraken/SRR1237780.output.tsv
    jobid: 0
    wildcards: sample=SRR1237780
    threads: 8
    resources: mem_mb=250000, time=1440, load_superfocus=0, load_kraken=0, load_onehundred=0


        kraken2 --report atavide.out/ReadAnnotations/SRR1237780/kraken/SRR1237780.report.tsv                 --output atavide.out/ReadAnnotations/SRR1237780/kraken/SRR1237780.output.tsv                 --threads 8                 --db databases/kraken                 --paired atavide.out/QC/SRR1237780_good_out_R1.fastq atavide.out/QC/SRR1237780_good_out_R2.fastq                 --use-names
        
Activating conda environment: /scratch/user/nala0006/atavide-dev/atavide/atavide/atavide/workflow/conda/330fb15b
Loading database information... done.
23404 sequences (4.68 Mbp) processed in 0.170s (8270.5 Kseq/m, 1655.48 Mbp/m).
  8709 sequences classified (37.21%)
  14695 sequences unclassified (62.79%)
[Thu Sep  8 08:18:40 2022]
Finished job 0.
1 of 1 steps (100%) done
Building DAG of jobs...
Using shell: /usr/bin/bash
Provided cores: 8
Rules claiming more threads will be scaled down.
Job counts:
	count	jobs
	1	run_kraken
	1

[Thu Sep  8 08:42:52 2022]
rule run_kraken:
    input: atavide.out/QC/SRR1237780_good_out_R1.fastq, atavide.out/QC/SRR1237780_good_out_R2.fastq
    output: atavide.out/ReadAnnotations/SRR1237780/kraken/SRR1237780.report.tsv, atavide.out/ReadAnnotations/SRR1237780/kraken/SRR1237780.output.tsv
    jobid: 0
    wildcards: sample=SRR1237780
    threads: 8
    resources: mem_mb=250000, time=1440, load_superfocus=0, load_kraken=0, load_onehundred=0


        kraken2 --report atavide.out/ReadAnnotations/SRR1237780/kraken/SRR1237780.report.tsv                 --output atavide.out/ReadAnnotations/SRR1237780/kraken/SRR1237780.output.tsv                 --threads 8                 --db databases/kraken                 --paired atavide.out/QC/SRR1237780_good_out_R1.fastq atavide.out/QC/SRR1237780_good_out_R2.fastq                 --use-names
        
Activating conda environment: /scratch/user/nala0006/atavide-dev/atavide/atavide/atavide/workflow/conda/330fb15b
Loading database information... done.
23404 sequences (4.68 Mbp) processed in 0.168s (8357.3 Kseq/m, 1672.84 Mbp/m).
  8709 sequences classified (37.21%)
  14695 sequences unclassified (62.79%)
[Thu Sep  8 08:42:58 2022]
Finished job 0.
1 of 1 steps (100%) done
Building DAG of jobs...
Using shell: /usr/bin/bash
Provided cores: 8
Rules claiming more threads will be scaled down.
Job counts:
	count	jobs
	1	run_kraken
	1

[Thu Sep  8 09:18:35 2022]
rule run_kraken:
    input: atavide.out/QC_after_hostremoval/SRR1237780_good_out_R1.fastq, atavide.out/QC_after_hostremoval/SRR1237780_good_out_R2.fastq
    output: atavide.out/ReadAnnotations/SRR1237780/kraken/SRR1237780.report.tsv, atavide.out/ReadAnnotations/SRR1237780/kraken/SRR1237780.output.tsv
    jobid: 0
    wildcards: sample=SRR1237780
    threads: 8
    resources: mem_mb=250000, time=1440, load_superfocus=0, load_kraken=0, load_onehundred=0


        kraken2 --report atavide.out/ReadAnnotations/SRR1237780/kraken/SRR1237780.report.tsv                 --output atavide.out/ReadAnnotations/SRR1237780/kraken/SRR1237780.output.tsv                 --threads 8                 --db databases/kraken                 --paired atavide.out/QC_after_hostremoval/SRR1237780_good_out_R1.fastq atavide.out/QC_after_hostremoval/SRR1237780_good_out_R2.fastq                 --use-names
        
Activating conda environment: /scratch/user/nala0006/atavide-dev/atavide/atavide/atavide/workflow/conda/330fb15b
Loading database information... done.
23363 sequences (4.68 Mbp) processed in 0.220s (6376.8 Kseq/m, 1276.43 Mbp/m).
  8677 sequences classified (37.14%)
  14686 sequences unclassified (62.86%)
[Thu Sep  8 09:18:41 2022]
Finished job 0.
1 of 1 steps (100%) done
