Building DAG of jobs...
Using shell: /usr/bin/bash
Provided cores: 8
Rules claiming more threads will be scaled down.
Job counts:
	count	jobs
	1	run_kraken
	1

[Wed Sep  7 15:09:37 2022]
rule run_kraken:
    input: atavide.out/QC/SRR1237783_good_out_R1.fastq, atavide.out/QC/SRR1237783_good_out_R2.fastq
    output: atavide.out/ReadAnnotations/SRR1237783/kraken/SRR1237783.report.tsv, atavide.out/ReadAnnotations/SRR1237783/kraken/SRR1237783.output.tsv
    jobid: 0
    wildcards: sample=SRR1237783
    threads: 8
    resources: mem_mb=250000, time=1440, load_superfocus=0, load_kraken=0, load_onehundred=0


        kraken2 --report atavide.out/ReadAnnotations/SRR1237783/kraken/SRR1237783.report.tsv                 --output atavide.out/ReadAnnotations/SRR1237783/kraken/SRR1237783.output.tsv                 --threads 8                 --db databases/kraken                 --paired atavide.out/QC/SRR1237783_good_out_R1.fastq atavide.out/QC/SRR1237783_good_out_R2.fastq                 --use-names
        
Activating conda environment: /scratch/user/nala0006/atavide-dev/atavide/atavide/atavide/workflow/conda/330fb15b
Loading database information... done.
24010 sequences (4.80 Mbp) processed in 0.360s (4000.8 Kseq/m, 800.42 Mbp/m).
  8035 sequences classified (33.47%)
  15975 sequences unclassified (66.53%)
[Wed Sep  7 15:09:43 2022]
Finished job 0.
1 of 1 steps (100%) done
Building DAG of jobs...
Using shell: /usr/bin/bash
Provided cores: 8
Rules claiming more threads will be scaled down.
Job counts:
	count	jobs
	1	run_kraken
	1

[Wed Sep  7 15:26:55 2022]
rule run_kraken:
    input: atavide.out/QC/SRR1237783_good_out_R1.fastq, atavide.out/QC/SRR1237783_good_out_R2.fastq
    output: atavide.out/ReadAnnotations/SRR1237783/kraken/SRR1237783.report.tsv, atavide.out/ReadAnnotations/SRR1237783/kraken/SRR1237783.output.tsv
    jobid: 0
    wildcards: sample=SRR1237783
    threads: 8
    resources: mem_mb=250000, time=1440, load_superfocus=0, load_kraken=0, load_onehundred=0


        kraken2 --report atavide.out/ReadAnnotations/SRR1237783/kraken/SRR1237783.report.tsv                 --output atavide.out/ReadAnnotations/SRR1237783/kraken/SRR1237783.output.tsv                 --threads 8                 --db databases/kraken                 --paired atavide.out/QC/SRR1237783_good_out_R1.fastq atavide.out/QC/SRR1237783_good_out_R2.fastq                 --use-names
        
Activating conda environment: /scratch/user/nala0006/atavide-dev/atavide/atavide/atavide/workflow/conda/330fb15b
Loading database information... done.
24010 sequences (4.80 Mbp) processed in 0.163s (8830.5 Kseq/m, 1766.68 Mbp/m).
  8035 sequences classified (33.47%)
  15975 sequences unclassified (66.53%)
[Wed Sep  7 15:27:00 2022]
Finished job 0.
1 of 1 steps (100%) done
Building DAG of jobs...
Using shell: /usr/bin/bash
Provided cores: 8
Rules claiming more threads will be scaled down.
Job counts:
	count	jobs
	1	run_kraken
	1

[Wed Sep  7 16:04:27 2022]
rule run_kraken:
    input: atavide.out/QC/SRR1237782_good_out_R1.fastq, atavide.out/QC/SRR1237782_good_out_R2.fastq
    output: atavide.out/ReadAnnotations/SRR1237782/kraken/SRR1237782.report.tsv, atavide.out/ReadAnnotations/SRR1237782/kraken/SRR1237782.output.tsv
    jobid: 0
    wildcards: sample=SRR1237782
    threads: 8
    resources: mem_mb=250000, time=1440, load_superfocus=0, load_kraken=0, load_onehundred=0


        kraken2 --report atavide.out/ReadAnnotations/SRR1237782/kraken/SRR1237782.report.tsv                 --output atavide.out/ReadAnnotations/SRR1237782/kraken/SRR1237782.output.tsv                 --threads 8                 --db databases/kraken                 --paired atavide.out/QC/SRR1237782_good_out_R1.fastq atavide.out/QC/SRR1237782_good_out_R2.fastq                 --use-names
        
Activating conda environment: /scratch/user/nala0006/atavide-dev/atavide/atavide/atavide/workflow/conda/330fb15b
Loading database information... done.
24132 sequences (4.83 Mbp) processed in 0.168s (8634.6 Kseq/m, 1727.44 Mbp/m).
  8970 sequences classified (37.17%)
  15162 sequences unclassified (62.83%)
[Wed Sep  7 16:04:33 2022]
Finished job 0.
1 of 1 steps (100%) done
Building DAG of jobs...
Using shell: /usr/bin/bash
Provided cores: 8
Rules claiming more threads will be scaled down.
Job counts:
	count	jobs
	1	run_kraken
	1

[Thu Sep  8 08:21:21 2022]
rule run_kraken:
    input: atavide.out/QC/SRR1237782_good_out_R1.fastq, atavide.out/QC/SRR1237782_good_out_R2.fastq
    output: atavide.out/ReadAnnotations/SRR1237782/kraken/SRR1237782.report.tsv, atavide.out/ReadAnnotations/SRR1237782/kraken/SRR1237782.output.tsv
    jobid: 0
    wildcards: sample=SRR1237782
    threads: 8
    resources: mem_mb=250000, time=1440, load_superfocus=0, load_kraken=0, load_onehundred=0


        kraken2 --report atavide.out/ReadAnnotations/SRR1237782/kraken/SRR1237782.report.tsv                 --output atavide.out/ReadAnnotations/SRR1237782/kraken/SRR1237782.output.tsv                 --threads 8                 --db databases/kraken                 --paired atavide.out/QC/SRR1237782_good_out_R1.fastq atavide.out/QC/SRR1237782_good_out_R2.fastq                 --use-names
        
Activating conda environment: /scratch/user/nala0006/atavide-dev/atavide/atavide/atavide/workflow/conda/330fb15b
Loading database information... done.
24132 sequences (4.83 Mbp) processed in 0.172s (8394.0 Kseq/m, 1679.32 Mbp/m).
  8970 sequences classified (37.17%)
  15162 sequences unclassified (62.83%)
[Thu Sep  8 08:21:28 2022]
Finished job 0.
1 of 1 steps (100%) done
Building DAG of jobs...
Using shell: /usr/bin/bash
Provided cores: 8
Rules claiming more threads will be scaled down.
Job counts:
	count	jobs
	1	run_kraken
	1

[Thu Sep  8 08:42:35 2022]
rule run_kraken:
    input: atavide.out/QC/SRR1237782_good_out_R1.fastq, atavide.out/QC/SRR1237782_good_out_R2.fastq
    output: atavide.out/ReadAnnotations/SRR1237782/kraken/SRR1237782.report.tsv, atavide.out/ReadAnnotations/SRR1237782/kraken/SRR1237782.output.tsv
    jobid: 0
    wildcards: sample=SRR1237782
    threads: 8
    resources: mem_mb=250000, time=1440, load_superfocus=0, load_kraken=0, load_onehundred=0


        kraken2 --report atavide.out/ReadAnnotations/SRR1237782/kraken/SRR1237782.report.tsv                 --output atavide.out/ReadAnnotations/SRR1237782/kraken/SRR1237782.output.tsv                 --threads 8                 --db databases/kraken                 --paired atavide.out/QC/SRR1237782_good_out_R1.fastq atavide.out/QC/SRR1237782_good_out_R2.fastq                 --use-names
        
Activating conda environment: /scratch/user/nala0006/atavide-dev/atavide/atavide/atavide/workflow/conda/330fb15b
Loading database information... done.
24132 sequences (4.83 Mbp) processed in 0.168s (8610.7 Kseq/m, 1722.67 Mbp/m).
  8970 sequences classified (37.17%)
  15162 sequences unclassified (62.83%)
[Thu Sep  8 08:42:40 2022]
Finished job 0.
1 of 1 steps (100%) done
Building DAG of jobs...
Using shell: /usr/bin/bash
Provided cores: 8
Rules claiming more threads will be scaled down.
Job counts:
	count	jobs
	1	run_kraken
	1

[Thu Sep  8 09:15:35 2022]
rule run_kraken:
    input: atavide.out/QC_after_hostremoval/SRR1237782_good_out_R1.fastq, atavide.out/QC_after_hostremoval/SRR1237782_good_out_R2.fastq
    output: atavide.out/ReadAnnotations/SRR1237782/kraken/SRR1237782.report.tsv, atavide.out/ReadAnnotations/SRR1237782/kraken/SRR1237782.output.tsv
    jobid: 0
    wildcards: sample=SRR1237782
    threads: 8
    resources: mem_mb=250000, time=1440, load_superfocus=0, load_kraken=0, load_onehundred=0


        kraken2 --report atavide.out/ReadAnnotations/SRR1237782/kraken/SRR1237782.report.tsv                 --output atavide.out/ReadAnnotations/SRR1237782/kraken/SRR1237782.output.tsv                 --threads 8                 --db databases/kraken                 --paired atavide.out/QC_after_hostremoval/SRR1237782_good_out_R1.fastq atavide.out/QC_after_hostremoval/SRR1237782_good_out_R2.fastq                 --use-names
        
Activating conda environment: /scratch/user/nala0006/atavide-dev/atavide/atavide/atavide/workflow/conda/330fb15b
Loading database information... done.
24119 sequences (4.83 Mbp) processed in 0.165s (8771.9 Kseq/m, 1754.93 Mbp/m).
  8959 sequences classified (37.14%)
  15160 sequences unclassified (62.86%)
[Thu Sep  8 09:15:41 2022]
Finished job 0.
1 of 1 steps (100%) done
