Building DAG of jobs...
Using shell: /usr/bin/bash
Provided cores: 8
Rules claiming more threads will be scaled down.
Job counts:
	count	jobs
	1	run_kraken
	1

[Wed Sep  7 16:04:38 2022]
rule run_kraken:
    input: atavide.out/QC/SRR1237783_good_out_R1.fastq, atavide.out/QC/SRR1237783_good_out_R2.fastq
    output: atavide.out/ReadAnnotations/SRR1237783/kraken/SRR1237783.report.tsv, atavide.out/ReadAnnotations/SRR1237783/kraken/SRR1237783.output.tsv
    jobid: 0
    wildcards: sample=SRR1237783
    threads: 8
    resources: mem_mb=250000, time=1440, load_superfocus=0, load_kraken=0, load_onehundred=0


        kraken2 --report atavide.out/ReadAnnotations/SRR1237783/kraken/SRR1237783.report.tsv                 --output atavide.out/ReadAnnotations/SRR1237783/kraken/SRR1237783.output.tsv                 --threads 8                 --db databases/kraken                 --paired atavide.out/QC/SRR1237783_good_out_R1.fastq atavide.out/QC/SRR1237783_good_out_R2.fastq                 --use-names
        
Activating conda environment: /scratch/user/nala0006/atavide-dev/atavide/atavide/atavide/workflow/conda/330fb15b
Loading database information... done.
24010 sequences (4.80 Mbp) processed in 0.163s (8841.9 Kseq/m, 1768.98 Mbp/m).
  8035 sequences classified (33.47%)
  15975 sequences unclassified (66.53%)
[Wed Sep  7 16:04:44 2022]
Finished job 0.
1 of 1 steps (100%) done
Building DAG of jobs...
Using shell: /usr/bin/bash
Provided cores: 8
Rules claiming more threads will be scaled down.
Job counts:
	count	jobs
	1	run_kraken
	1

[Thu Sep  8 08:19:35 2022]
rule run_kraken:
    input: atavide.out/QC/SRR1237783_good_out_R1.fastq, atavide.out/QC/SRR1237783_good_out_R2.fastq
    output: atavide.out/ReadAnnotations/SRR1237783/kraken/SRR1237783.report.tsv, atavide.out/ReadAnnotations/SRR1237783/kraken/SRR1237783.output.tsv
    jobid: 0
    wildcards: sample=SRR1237783
    threads: 8
    resources: mem_mb=250000, time=1440, load_superfocus=0, load_kraken=0, load_onehundred=0


        kraken2 --report atavide.out/ReadAnnotations/SRR1237783/kraken/SRR1237783.report.tsv                 --output atavide.out/ReadAnnotations/SRR1237783/kraken/SRR1237783.output.tsv                 --threads 8                 --db databases/kraken                 --paired atavide.out/QC/SRR1237783_good_out_R1.fastq atavide.out/QC/SRR1237783_good_out_R2.fastq                 --use-names
        
Activating conda environment: /scratch/user/nala0006/atavide-dev/atavide/atavide/atavide/workflow/conda/330fb15b
Loading database information... done.
24010 sequences (4.80 Mbp) processed in 0.165s (8705.9 Kseq/m, 1741.76 Mbp/m).
  8035 sequences classified (33.47%)
  15975 sequences unclassified (66.53%)
[Thu Sep  8 08:19:40 2022]
Finished job 0.
1 of 1 steps (100%) done
Building DAG of jobs...
Using shell: /usr/bin/bash
Provided cores: 8
Rules claiming more threads will be scaled down.
Job counts:
	count	jobs
	1	run_kraken
	1

[Thu Sep  8 08:42:25 2022]
rule run_kraken:
    input: atavide.out/QC/SRR1237783_good_out_R1.fastq, atavide.out/QC/SRR1237783_good_out_R2.fastq
    output: atavide.out/ReadAnnotations/SRR1237783/kraken/SRR1237783.report.tsv, atavide.out/ReadAnnotations/SRR1237783/kraken/SRR1237783.output.tsv
    jobid: 0
    wildcards: sample=SRR1237783
    threads: 8
    resources: mem_mb=250000, time=1440, load_superfocus=0, load_kraken=0, load_onehundred=0


        kraken2 --report atavide.out/ReadAnnotations/SRR1237783/kraken/SRR1237783.report.tsv                 --output atavide.out/ReadAnnotations/SRR1237783/kraken/SRR1237783.output.tsv                 --threads 8                 --db databases/kraken                 --paired atavide.out/QC/SRR1237783_good_out_R1.fastq atavide.out/QC/SRR1237783_good_out_R2.fastq                 --use-names
        
Activating conda environment: /scratch/user/nala0006/atavide-dev/atavide/atavide/atavide/workflow/conda/330fb15b
Loading database information... done.
24010 sequences (4.80 Mbp) processed in 0.165s (8732.1 Kseq/m, 1747.01 Mbp/m).
  8035 sequences classified (33.47%)
  15975 sequences unclassified (66.53%)
[Thu Sep  8 08:42:31 2022]
Finished job 0.
1 of 1 steps (100%) done
Building DAG of jobs...
Using shell: /usr/bin/bash
Provided cores: 8
Rules claiming more threads will be scaled down.
Job counts:
	count	jobs
	1	run_kraken
	1

[Thu Sep  8 09:17:05 2022]
rule run_kraken:
    input: atavide.out/QC_after_hostremoval/SRR1237783_good_out_R1.fastq, atavide.out/QC_after_hostremoval/SRR1237783_good_out_R2.fastq
    output: atavide.out/ReadAnnotations/SRR1237783/kraken/SRR1237783.report.tsv, atavide.out/ReadAnnotations/SRR1237783/kraken/SRR1237783.output.tsv
    jobid: 0
    wildcards: sample=SRR1237783
    threads: 8
    resources: mem_mb=250000, time=1440, load_superfocus=0, load_kraken=0, load_onehundred=0


        kraken2 --report atavide.out/ReadAnnotations/SRR1237783/kraken/SRR1237783.report.tsv                 --output atavide.out/ReadAnnotations/SRR1237783/kraken/SRR1237783.output.tsv                 --threads 8                 --db databases/kraken                 --paired atavide.out/QC_after_hostremoval/SRR1237783_good_out_R1.fastq atavide.out/QC_after_hostremoval/SRR1237783_good_out_R2.fastq                 --use-names
        
Activating conda environment: /scratch/user/nala0006/atavide-dev/atavide/atavide/atavide/workflow/conda/330fb15b
Loading database information... done.
23931 sequences (4.79 Mbp) processed in 0.163s (8785.3 Kseq/m, 1757.67 Mbp/m).
  7960 sequences classified (33.26%)
  15971 sequences unclassified (66.74%)
[Thu Sep  8 09:17:11 2022]
Finished job 0.
1 of 1 steps (100%) done
