Building DAG of jobs...
Using shell: /usr/bin/bash
Provided cores: 2
Rules claiming more threads will be scaled down.
Job counts:
	count	jobs
	1	join_kraken_genera
	1

[Wed Sep  7 16:06:47 2022]
rule join_kraken_genera:
    input: atavide.out/ReadAnnotations/SRR1237780/kraken/SRR1237780.genera_fraction.tsv, atavide.out/ReadAnnotations/SRR1237782/kraken/SRR1237782.genera_fraction.tsv, atavide.out/ReadAnnotations/SRR1237783/kraken/SRR1237783.genera_fraction.tsv
    output: atavide.out/statistics/kraken_genera.tsv
    jobid: 0
    resources: mem_mb=2000, time=1440, load_superfocus=0, load_kraken=0, load_onehundred=0


        perl /scratch/user/nala0006/atavide-dev/atavide/atavide/atavide/workflow/scripts/joinlists.pl -z -h atavide.out/ReadAnnotations/SRR1237780/kraken/SRR1237780.genera_fraction.tsv atavide.out/ReadAnnotations/SRR1237782/kraken/SRR1237782.genera_fraction.tsv atavide.out/ReadAnnotations/SRR1237783/kraken/SRR1237783.genera_fraction.tsv > atavide.out/statistics/kraken_genera.tsv
        
[Wed Sep  7 16:06:47 2022]
Finished job 0.
1 of 1 steps (100%) done
Building DAG of jobs...
Using shell: /usr/bin/bash
Provided cores: 2
Rules claiming more threads will be scaled down.
Job counts:
	count	jobs
	1	join_kraken_genera
	1

[Thu Sep  8 08:24:05 2022]
rule join_kraken_genera:
    input: atavide.out/ReadAnnotations/SRR1237780/kraken/SRR1237780.genera_fraction.tsv, atavide.out/ReadAnnotations/SRR1237782/kraken/SRR1237782.genera_fraction.tsv, atavide.out/ReadAnnotations/SRR1237783/kraken/SRR1237783.genera_fraction.tsv
    output: atavide.out/statistics/kraken_genera.tsv
    jobid: 0
    resources: mem_mb=2000, time=1440, load_superfocus=0, load_kraken=0, load_onehundred=0


        perl /scratch/user/nala0006/atavide-dev/atavide/atavide/atavide/workflow/scripts/joinlists.pl -z -h atavide.out/ReadAnnotations/SRR1237780/kraken/SRR1237780.genera_fraction.tsv atavide.out/ReadAnnotations/SRR1237782/kraken/SRR1237782.genera_fraction.tsv atavide.out/ReadAnnotations/SRR1237783/kraken/SRR1237783.genera_fraction.tsv > atavide.out/statistics/kraken_genera.tsv
        
[Thu Sep  8 08:24:05 2022]
Finished job 0.
1 of 1 steps (100%) done
Building DAG of jobs...
Using shell: /usr/bin/bash
Provided cores: 2
Rules claiming more threads will be scaled down.
Job counts:
	count	jobs
	1	join_kraken_genera
	1

[Thu Sep  8 08:45:11 2022]
rule join_kraken_genera:
    input: atavide.out/ReadAnnotations/SRR1237780/kraken/SRR1237780.genera_fraction.tsv, atavide.out/ReadAnnotations/SRR1237782/kraken/SRR1237782.genera_fraction.tsv, atavide.out/ReadAnnotations/SRR1237783/kraken/SRR1237783.genera_fraction.tsv
    output: atavide.out/statistics/kraken_genera.tsv
    jobid: 0
    resources: mem_mb=2000, time=1440, load_superfocus=0, load_kraken=0, load_onehundred=0


        perl /scratch/user/nala0006/atavide-dev/atavide/atavide/atavide/workflow/scripts/joinlists.pl -z -h atavide.out/ReadAnnotations/SRR1237780/kraken/SRR1237780.genera_fraction.tsv atavide.out/ReadAnnotations/SRR1237782/kraken/SRR1237782.genera_fraction.tsv atavide.out/ReadAnnotations/SRR1237783/kraken/SRR1237783.genera_fraction.tsv > atavide.out/statistics/kraken_genera.tsv
        
[Thu Sep  8 08:45:11 2022]
Finished job 0.
1 of 1 steps (100%) done
Building DAG of jobs...
Using shell: /usr/bin/bash
Provided cores: 2
Rules claiming more threads will be scaled down.
Job counts:
	count	jobs
	1	join_kraken_genera
	1

[Thu Sep  8 09:23:05 2022]
rule join_kraken_genera:
    input: atavide.out/ReadAnnotations/SRR1237780/kraken/SRR1237780.genera_fraction.tsv, atavide.out/ReadAnnotations/SRR1237782/kraken/SRR1237782.genera_fraction.tsv, atavide.out/ReadAnnotations/SRR1237783/kraken/SRR1237783.genera_fraction.tsv
    output: atavide.out/statistics/kraken_genera.tsv
    jobid: 0
    resources: mem_mb=2000, time=1440, load_superfocus=0, load_kraken=0, load_onehundred=0


        perl /scratch/user/nala0006/atavide-dev/atavide/atavide/atavide/workflow/scripts/joinlists.pl -z -h atavide.out/ReadAnnotations/SRR1237780/kraken/SRR1237780.genera_fraction.tsv atavide.out/ReadAnnotations/SRR1237782/kraken/SRR1237782.genera_fraction.tsv atavide.out/ReadAnnotations/SRR1237783/kraken/SRR1237783.genera_fraction.tsv > atavide.out/statistics/kraken_genera.tsv
        
[Thu Sep  8 09:23:05 2022]
Finished job 0.
1 of 1 steps (100%) done
