Building DAG of jobs...
Using shell: /usr/bin/bash
Provided cores: 6
Rules claiming more threads will be scaled down.
Job counts:
	count	jobs
	1	subsample_fastq
	1

[Wed Sep  7 15:09:37 2022]
rule subsample_fastq:
    input: atavide.out/QC/SRR1237780_good_out_R1.fastq
    output: atavide.out/ReadAnnotations/SRR1237780/kraken/SRR1237780_good_out_R1.0.1.fastq
    jobid: 0
    wildcards: sample=SRR1237780, frac=0.1
    threads: 6
    resources: mem_mb=25000, time=1440, load_superfocus=0, load_kraken=0, load_onehundred=0


        seqtk sample atavide.out/QC/SRR1237780_good_out_R1.fastq 0.1 > atavide.out/ReadAnnotations/SRR1237780/kraken/SRR1237780_good_out_R1.0.1.fastq
        
Activating conda environment: /scratch/user/nala0006/atavide-dev/atavide/atavide/atavide/workflow/conda/be876ce4
[Wed Sep  7 15:09:40 2022]
Finished job 0.
1 of 1 steps (100%) done
