Building DAG of jobs...
Using shell: /usr/bin/bash
Provided cores: 8
Rules claiming more threads will be scaled down.
Job counts:
	count	jobs
	1	subsample_fastq
	1

[Wed Sep  7 15:03:46 2022]
rule subsample_fastq:
    input: atavide.out/QC/SRR1237780_good_out_R1.fastq
    output: atavide.out/ReadAnnotations/SRR1237780/kraken/SRR1237780_good_out_R1.0.8.fastq
    jobid: 0
    wildcards: sample=SRR1237780, frac=0.8
    threads: 8
    resources: mem_mb=25000, time=1440, load_superfocus=0, load_kraken=0, load_onehundred=0


        seqtk sample atavide.out/QC/SRR1237780_good_out_R1.fastq 0.8 > atavide.out/ReadAnnotations/SRR1237780/kraken/SRR1237780_good_out_R1.0.8.fastq
        
slurmstepd: error: *** JOB 1122118 ON hpc-node015 CANCELLED AT 2022-09-07T15:04:00 ***
Building DAG of jobs...
Using shell: /usr/bin/bash
Provided cores: 6
Rules claiming more threads will be scaled down.
Job counts:
	count	jobs
	1	subsample_fastq
	1

[Wed Sep  7 15:08:44 2022]
rule subsample_fastq:
    input: atavide.out/QC/SRR1237780_good_out_R1.fastq
    output: atavide.out/ReadAnnotations/SRR1237780/kraken/SRR1237780_good_out_R1.0.8.fastq
    jobid: 0
    wildcards: sample=SRR1237780, frac=0.8
    threads: 6
    resources: mem_mb=25000, time=1440, load_superfocus=0, load_kraken=0, load_onehundred=0


        seqtk sample atavide.out/QC/SRR1237780_good_out_R1.fastq 0.8 > atavide.out/ReadAnnotations/SRR1237780/kraken/SRR1237780_good_out_R1.0.8.fastq
        
Activating conda environment: /scratch/user/nala0006/atavide-dev/atavide/atavide/atavide/workflow/conda/be876ce4
[Wed Sep  7 15:08:47 2022]
Finished job 0.
1 of 1 steps (100%) done
Building DAG of jobs...
Using shell: /usr/bin/bash
Provided cores: 6
Rules claiming more threads will be scaled down.
Job counts:
	count	jobs
	1	subsample_fastq
	1

[Thu Sep  8 08:18:26 2022]
rule subsample_fastq:
    input: atavide.out/QC/SRR1237780_good_out_R1.fastq
    output: atavide.out/ReadAnnotations/SRR1237780/kraken/SRR1237780_good_out_R1.0.1.fastq
    jobid: 0
    wildcards: sample=SRR1237780, frac=0.1
    threads: 6
    resources: mem_mb=25000, time=1440, load_superfocus=0, load_kraken=0, load_onehundred=0


        seqtk sample atavide.out/QC/SRR1237780_good_out_R1.fastq 0.1 > atavide.out/ReadAnnotations/SRR1237780/kraken/SRR1237780_good_out_R1.0.1.fastq
        
Activating conda environment: /scratch/user/nala0006/atavide-dev/atavide/atavide/atavide/workflow/conda/be876ce4
[Thu Sep  8 08:18:29 2022]
Finished job 0.
1 of 1 steps (100%) done
