Building DAG of jobs...
Using shell: /usr/bin/bash
Provided cores: 8
Rules claiming more threads will be scaled down.
Job counts:
	count	jobs
	1	subsample_fastq
	1

[Thu Sep  8 09:16:54 2022]
rule subsample_fastq:
    input: atavide.out/QC_after_hostremoval/SRR1237783_good_out_R1.fastq
    output: atavide.out/ReadAnnotations/SRR1237783/kraken/SRR1237783_good_out_R1.0.5.fastq
    jobid: 0
    wildcards: sample=SRR1237783, frac=0.5
    threads: 8
    resources: mem_mb=25000, time=1440, load_superfocus=0, load_kraken=0, load_onehundred=0


        seqtk sample atavide.out/QC_after_hostremoval/SRR1237783_good_out_R1.fastq 0.5 > atavide.out/ReadAnnotations/SRR1237783/kraken/SRR1237783_good_out_R1.0.5.fastq
        
Activating conda environment: /scratch/user/nala0006/atavide-dev/atavide/atavide/atavide/workflow/conda/ecd6ec94
[Thu Sep  8 09:16:57 2022]
Finished job 0.
1 of 1 steps (100%) done
