Running host removal step since the paths aren set
Running host removal step since the paths aren set
Running host removal step since the paths aren set
Running host removal step since the paths aren set
easy-search atavide.out/QC_after_hostremoval/SRR1237780_good_out_R1.fastq databases/superfocus_mmseqsDB/mmseqs2/db/static/mmseqs2/90_clusters.db atavide.out/ReadAnnotations/SRR1237780/superfocus/SRR1237780_good_out_R1.fastq_alignments.m8 atavide.out/tmp/tmp.1zyPsM3cj3/tmph6hw_4c2 --threads 16 -e 0.00001 -s 1.0 

MMseqs Version:                        	13.45111
Substitution matrix                    	nucl:nucleotide.out,aa:blosum62.out
Add backtrace                          	false
Alignment mode                         	3
Alignment mode                         	0
Allow wrapped scoring                  	false
E-value threshold                      	1e-05
Seq. id. threshold                     	0
Min alignment length                   	0
Seq. id. mode                          	0
Alternative alignments                 	0
Coverage threshold                     	0
Coverage mode                          	0
Max sequence length                    	65535
Compositional bias                     	1
Max reject                             	2147483647
Max accept                             	2147483647
Include identical seq. id.             	false
Preload mode                           	0
Pseudo count a                         	1
Pseudo count b                         	1.5
Score bias                             	0
Realign hits                           	false
Realign score bias                     	-0.2
Realign max seqs                       	2147483647
Gap open cost                          	nucl:5,aa:11
Gap extension cost                     	nucl:2,aa:1
Zdrop                                  	40
Threads                                	16
Compressed                             	0
Verbosity                              	3
Seed substitution matrix               	nucl:nucleotide.out,aa:VTML80.out
Sensitivity                            	1
k-mer length                           	0
k-score                                	2147483647
Alphabet size                          	nucl:5,aa:21
Max results per query                  	300
Split database                         	0
Split mode                             	2
Split memory limit                     	0
Diagonal scoring                       	true
Exact k-mer matching                   	0
Mask residues                          	1
Mask lower case residues               	0
Minimum diagonal score                 	15
Spaced k-mers                          	1
Spaced k-mer pattern                   	
Local temporary path                   	
Rescore mode                           	0
Remove hits by seq. id. and coverage   	false
Sort results                           	0
Mask profile                           	1
Profile E-value threshold              	0.001
Global sequence weighting              	false
Allow deletions                        	false
Filter MSA                             	1
Maximum seq. id. threshold             	0.9
Minimum seq. id.                       	0
Minimum score per column               	-20
Minimum coverage                       	0
Select N most diverse seqs             	1000
Min codons in orf                      	30
Max codons in length                   	32734
Max orf gaps                           	2147483647
Contig start mode                      	2
Contig end mode                        	2
Orf start mode                         	1
Forward frames                         	1,2,3
Reverse frames                         	1,2,3
Translation table                      	1
Translate orf                          	0
Use all table starts                   	false
Offset of numeric ids                  	0
Create lookup                          	0
Add orf stop                           	false
Overlap between sequences              	0
Sequence split mode                    	1
Header split mode                      	0
Chain overlapping alignments           	0
Merge query                            	1
Search type                            	0
Search iterations                      	1
Start sensitivity                      	4
Search steps                           	1
Exhaustive search mode                 	false
Filter results during exhaustive search	0
Strand selection                       	1
LCA search mode                        	false
Disk space limit                       	0
MPI runner                             	
Force restart with latest tmp          	false
Remove temporary files                 	true
Alignment format                       	0
Format alignment output                	query,target,fident,alnlen,mismatch,gapopen,qstart,qend,tstart,tend,evalue,bits
Database output                        	false
Overlap threshold                      	0
Database type                          	0
Shuffle input database                 	true
Createdb mode                          	0
Write lookup file                      	0
Greedy best hits                       	false

createdb atavide.out/QC_after_hostremoval/SRR1237780_good_out_R1.fastq atavide.out/tmp/tmp.1zyPsM3cj3/tmph6hw_4c2/13495718088276270718/query --dbtype 0 --shuffle 1 --createdb-mode 0 --write-lookup 0 --id-offset 0 --compressed 0 -v 3 

Converting sequences
[==
Time for merging to query_h: 0h 0m 1s 536ms
Time for merging to query: 0h 0m 1s 559ms
Database type: Nucleotide
Time for processing: 0h 0m 6s 284ms
Create directory atavide.out/tmp/tmp.1zyPsM3cj3/tmph6hw_4c2/13495718088276270718/search_tmp
search atavide.out/tmp/tmp.1zyPsM3cj3/tmph6hw_4c2/13495718088276270718/query databases/superfocus_mmseqsDB/mmseqs2/db/static/mmseqs2/90_clusters.db atavide.out/tmp/tmp.1zyPsM3cj3/tmph6hw_4c2/13495718088276270718/result atavide.out/tmp/tmp.1zyPsM3cj3/tmph6hw_4c2/13495718088276270718/search_tmp --alignment-mode 3 -e 1e-05 --threads 16 -s 1 --remove-tmp-files 1 

extractorfs atavide.out/tmp/tmp.1zyPsM3cj3/tmph6hw_4c2/13495718088276270718/query atavide.out/tmp/tmp.1zyPsM3cj3/tmph6hw_4c2/13495718088276270718/search_tmp/2794923415222659151/q_orfs_aa --min-length 30 --max-length 32734 --max-gaps 2147483647 --contig-start-mode 2 --contig-end-mode 2 --orf-start-mode 1 --forward-frames 1,2,3 --reverse-frames 1,2,3 --translation-table 1 --translate 1 --use-all-table-starts 0 --id-offset 0 --create-lookup 0 --threads 16 --compressed 0 -v 3 

[=================================================================] 23.36K 0s 43ms
Time for merging to q_orfs_aa_h: 0h 0m 1s 89ms
Time for merging to q_orfs_aa: 0h 0m 0s 837ms
Time for processing: 0h 0m 4s 759ms
prefilter atavide.out/tmp/tmp.1zyPsM3cj3/tmph6hw_4c2/13495718088276270718/search_tmp/2794923415222659151/q_orfs_aa databases/superfocus_mmseqsDB/mmseqs2/db/static/mmseqs2/90_clusters.db atavide.out/tmp/tmp.1zyPsM3cj3/tmph6hw_4c2/13495718088276270718/search_tmp/2794923415222659151/search/pref_0 --sub-mat nucl:nucleotide.out,aa:blosum62.out --seed-sub-mat nucl:nucleotide.out,aa:VTML80.out -k 0 --k-score 2147483647 --alph-size nucl:5,aa:21 --max-seq-len 65535 --max-seqs 300 --split 0 --split-mode 2 --split-memory-limit 0 -c 0 --cov-mode 0 --comp-bias-corr 1 --diag-score 1 --exact-kmer-matching 0 --mask 1 --mask-lower-case 0 --min-ungapped-score 15 --add-self-matches 0 --spaced-kmer-mode 1 --db-load-mode 0 --pca 1 --pcb 1.5 --threads 16 --compressed 0 -v 3 -s 1.0 

Query database size: 74008 type: Aminoacid
Estimated memory consumption: 12G
Target database size: 3865833 type: Aminoacid
Index table k-mer threshold: 154 at k-mer size 6 
Index table: counting k-mers
[=================================================================] 3.87M 32s 520ms
Index table: Masked residues: 8110446
Index table: fill
[=================================================================] 3.87M 15s 722ms
Index statistics
Entries:          579168582
DB size:          3802 MB
Avg k-mer size:   9.049509
Top 10 k-mers
    NGAAHP	19928
    VNGIGH	14753
    GGEMAP	13185
    GGKSGR	9472
    HQYHLT	9335
    PGVFEV	8866
    GGGGPV	6241
    GPGGTT	5587
    GPGGLL	5369
    HPGSRL	5341
Time for index table init: 0h 0m 49s 859ms
Process prefiltering step 1 of 1

k-mer similarity threshold: 154
Starting prefiltering scores calculation (step 1 of 1)
Query db start 1 to 74008
Target db start 1 to 3865833
[=================================================================] 74.01K 0s 623ms

1.590770 k-mers per position
464 DB matches per sequence
0 overflows
0 queries produce too many hits (truncated result)
9 sequences passed prefiltering per query sequence
0 median result list length
38524 sequences with 0 size result lists
Time for merging to pref_0: 0h 0m 0s 613ms
Time for processing: 0h 0m 54s 61ms
align atavide.out/tmp/tmp.1zyPsM3cj3/tmph6hw_4c2/13495718088276270718/search_tmp/2794923415222659151/q_orfs_aa databases/superfocus_mmseqsDB/mmseqs2/db/static/mmseqs2/90_clusters.db atavide.out/tmp/tmp.1zyPsM3cj3/tmph6hw_4c2/13495718088276270718/search_tmp/2794923415222659151/search/pref_0 atavide.out/tmp/tmp.1zyPsM3cj3/tmph6hw_4c2/13495718088276270718/search_tmp/2794923415222659151/aln --sub-mat nucl:nucleotide.out,aa:blosum62.out -a 0 --alignment-mode 3 --alignment-output-mode 0 --wrapped-scoring 0 -e 1e-05 --min-seq-id 0 --min-aln-len 0 --seq-id-mode 0 --alt-ali 0 -c 0 --cov-mode 0 --max-seq-len 65535 --comp-bias-corr 1 --max-rejected 2147483647 --max-accept 2147483647 --add-self-matches 0 --db-load-mode 0 --pca 1 --pcb 1.5 --score-bias 0 --realign 0 --realign-score-bias -0.2 --realign-max-seqs 2147483647 --gap-open nucl:5,aa:11 --gap-extend nucl:2,aa:1 --zdrop 40 --threads 16 --compressed 0 -v 3 

Compute score, coverage and sequence identity
Query database size: 74008 type: Aminoacid
Target database size: 3865833 type: Aminoacid
Calculation of alignments
[=================================================================] 74.01K 0s 934ms
Time for merging to aln: 0h 0m 0s 705ms
672637 alignments calculated
445549 sequence pairs passed the thresholds (0.662391 of overall calculated)
6.020282 hits per query sequence
Time for processing: 0h 0m 3s 120ms
rmdb atavide.out/tmp/tmp.1zyPsM3cj3/tmph6hw_4c2/13495718088276270718/search_tmp/2794923415222659151/search/pref_0 -v 3 

Time for processing: 0h 0m 0s 173ms
rmdb atavide.out/tmp/tmp.1zyPsM3cj3/tmph6hw_4c2/13495718088276270718/search_tmp/2794923415222659151/search/aln_0 -v 3 

Time for processing: 0h 0m 0s 31ms
rmdb atavide.out/tmp/tmp.1zyPsM3cj3/tmph6hw_4c2/13495718088276270718/search_tmp/2794923415222659151/search/input_0 -v 3 

Time for processing: 0h 0m 0s 33ms
rmdb atavide.out/tmp/tmp.1zyPsM3cj3/tmph6hw_4c2/13495718088276270718/search_tmp/2794923415222659151/search/aln_merge -v 3 

Time for processing: 0h 0m 0s 32ms
offsetalignment atavide.out/tmp/tmp.1zyPsM3cj3/tmph6hw_4c2/13495718088276270718/query atavide.out/tmp/tmp.1zyPsM3cj3/tmph6hw_4c2/13495718088276270718/search_tmp/2794923415222659151/q_orfs_aa databases/superfocus_mmseqsDB/mmseqs2/db/static/mmseqs2/90_clusters.db databases/superfocus_mmseqsDB/mmseqs2/db/static/mmseqs2/90_clusters.db atavide.out/tmp/tmp.1zyPsM3cj3/tmph6hw_4c2/13495718088276270718/search_tmp/2794923415222659151/aln atavide.out/tmp/tmp.1zyPsM3cj3/tmph6hw_4c2/13495718088276270718/result --chain-alignments 0 --merge-query 1 --search-type 0 --threads 16 --compressed 0 --db-load-mode 0 -v 3 

Computing ORF lookup
Computing contig offsets
Computing contig lookup
Time for contig lookup: 0h 0m 0s 6ms
Writing results to: atavide.out/tmp/tmp.1zyPsM3cj3/tmph6hw_4c2/13495718088276270718/result
[=================================================================] 23.36K 0s 41ms

Time for merging to result: 0h 0m 0s 779ms
Time for processing: 0h 0m 18s 647ms
rmdb atavide.out/tmp/tmp.1zyPsM3cj3/tmph6hw_4c2/13495718088276270718/search_tmp/2794923415222659151/q_orfs_aa -v 3 

Time for processing: 0h 0m 0s 64ms
rmdb atavide.out/tmp/tmp.1zyPsM3cj3/tmph6hw_4c2/13495718088276270718/search_tmp/2794923415222659151/t_orfs_aa -v 3 

Time for processing: 0h 0m 0s 34ms
rmdb atavide.out/tmp/tmp.1zyPsM3cj3/tmph6hw_4c2/13495718088276270718/search_tmp/2794923415222659151/aln -v 3 

Time for processing: 0h 0m 0s 134ms
convertalis atavide.out/tmp/tmp.1zyPsM3cj3/tmph6hw_4c2/13495718088276270718/query databases/superfocus_mmseqsDB/mmseqs2/db/static/mmseqs2/90_clusters.db atavide.out/tmp/tmp.1zyPsM3cj3/tmph6hw_4c2/13495718088276270718/result atavide.out/ReadAnnotations/SRR1237780/superfocus/SRR1237780_good_out_R1.fastq_alignments.m8 --sub-mat nucl:nucleotide.out,aa:blosum62.out --format-mode 0 --format-output query,target,fident,alnlen,mismatch,gapopen,qstart,qend,tstart,tend,evalue,bits --translation-table 1 --gap-open nucl:5,aa:11 --gap-extend nucl:2,aa:1 --db-output 0 --db-load-mode 0 --search-type 0 --threads 16 --compressed 0 -v 3 

[=================================================================] 23.36K 0s 179ms
Time for merging to SRR1237780_good_out_R1.fastq_alignments.m8: 0h 0m 1s 311ms
Time for processing: 0h 0m 5s 405ms
rmdb atavide.out/tmp/tmp.1zyPsM3cj3/tmph6hw_4c2/13495718088276270718/result -v 3 

Time for processing: 0h 0m 0s 246ms
rmdb atavide.out/tmp/tmp.1zyPsM3cj3/tmph6hw_4c2/13495718088276270718/query -v 3 

Time for processing: 0h 0m 0s 32ms
rmdb atavide.out/tmp/tmp.1zyPsM3cj3/tmph6hw_4c2/13495718088276270718/query_h -v 3 

Time for processing: 0h 0m 0s 29ms
easy-search atavide.out/QC_after_hostremoval/SRR1237780_good_out_R2.fastq databases/superfocus_mmseqsDB/mmseqs2/db/static/mmseqs2/90_clusters.db atavide.out/ReadAnnotations/SRR1237780/superfocus/SRR1237780_good_out_R2.fastq_alignments.m8 atavide.out/tmp/tmp.1zyPsM3cj3/tmph6hw_4c2 --threads 16 -e 0.00001 -s 1.0 

MMseqs Version:                        	13.45111
Substitution matrix                    	nucl:nucleotide.out,aa:blosum62.out
Add backtrace                          	false
Alignment mode                         	3
Alignment mode                         	0
Allow wrapped scoring                  	false
E-value threshold                      	1e-05
Seq. id. threshold                     	0
Min alignment length                   	0
Seq. id. mode                          	0
Alternative alignments                 	0
Coverage threshold                     	0
Coverage mode                          	0
Max sequence length                    	65535
Compositional bias                     	1
Max reject                             	2147483647
Max accept                             	2147483647
Include identical seq. id.             	false
Preload mode                           	0
Pseudo count a                         	1
Pseudo count b                         	1.5
Score bias                             	0
Realign hits                           	false
Realign score bias                     	-0.2
Realign max seqs                       	2147483647
Gap open cost                          	nucl:5,aa:11
Gap extension cost                     	nucl:2,aa:1
Zdrop                                  	40
Threads                                	16
Compressed                             	0
Verbosity                              	3
Seed substitution matrix               	nucl:nucleotide.out,aa:VTML80.out
Sensitivity                            	1
k-mer length                           	0
k-score                                	2147483647
Alphabet size                          	nucl:5,aa:21
Max results per query                  	300
Split database                         	0
Split mode                             	2
Split memory limit                     	0
Diagonal scoring                       	true
Exact k-mer matching                   	0
Mask residues                          	1
Mask lower case residues               	0
Minimum diagonal score                 	15
Spaced k-mers                          	1
Spaced k-mer pattern                   	
Local temporary path                   	
Rescore mode                           	0
Remove hits by seq. id. and coverage   	false
Sort results                           	0
Mask profile                           	1
Profile E-value threshold              	0.001
Global sequence weighting              	false
Allow deletions                        	false
Filter MSA                             	1
Maximum seq. id. threshold             	0.9
Minimum seq. id.                       	0
Minimum score per column               	-20
Minimum coverage                       	0
Select N most diverse seqs             	1000
Min codons in orf                      	30
Max codons in length                   	32734
Max orf gaps                           	2147483647
Contig start mode                      	2
Contig end mode                        	2
Orf start mode                         	1
Forward frames                         	1,2,3
Reverse frames                         	1,2,3
Translation table                      	1
Translate orf                          	0
Use all table starts                   	false
Offset of numeric ids                  	0
Create lookup                          	0
Add orf stop                           	false
Overlap between sequences              	0
Sequence split mode                    	1
Header split mode                      	0
Chain overlapping alignments           	0
Merge query                            	1
Search type                            	0
Search iterations                      	1
Start sensitivity                      	4
Search steps                           	1
Exhaustive search mode                 	false
Filter results during exhaustive search	0
Strand selection                       	1
LCA search mode                        	false
Disk space limit                       	0
MPI runner                             	
Force restart with latest tmp          	false
Remove temporary files                 	true
Alignment format                       	0
Format alignment output                	query,target,fident,alnlen,mismatch,gapopen,qstart,qend,tstart,tend,evalue,bits
Database output                        	false
Overlap threshold                      	0
Database type                          	0
Shuffle input database                 	true
Createdb mode                          	0
Write lookup file                      	0
Greedy best hits                       	false

createdb atavide.out/QC_after_hostremoval/SRR1237780_good_out_R2.fastq atavide.out/tmp/tmp.1zyPsM3cj3/tmph6hw_4c2/6198851009168991670/query --dbtype 0 --shuffle 1 --createdb-mode 0 --write-lookup 0 --id-offset 0 --compressed 0 -v 3 

Converting sequences
[==
Time for merging to query_h: 0h 0m 1s 464ms
Time for merging to query: 0h 0m 2s 674ms
Database type: Nucleotide
Time for processing: 0h 0m 7s 522ms
Create directory atavide.out/tmp/tmp.1zyPsM3cj3/tmph6hw_4c2/6198851009168991670/search_tmp
search atavide.out/tmp/tmp.1zyPsM3cj3/tmph6hw_4c2/6198851009168991670/query databases/superfocus_mmseqsDB/mmseqs2/db/static/mmseqs2/90_clusters.db atavide.out/tmp/tmp.1zyPsM3cj3/tmph6hw_4c2/6198851009168991670/result atavide.out/tmp/tmp.1zyPsM3cj3/tmph6hw_4c2/6198851009168991670/search_tmp --alignment-mode 3 -e 1e-05 --threads 16 -s 1 --remove-tmp-files 1 

extractorfs atavide.out/tmp/tmp.1zyPsM3cj3/tmph6hw_4c2/6198851009168991670/query atavide.out/tmp/tmp.1zyPsM3cj3/tmph6hw_4c2/6198851009168991670/search_tmp/8985666630636829664/q_orfs_aa --min-length 30 --max-length 32734 --max-gaps 2147483647 --contig-start-mode 2 --contig-end-mode 2 --orf-start-mode 1 --forward-frames 1,2,3 --reverse-frames 1,2,3 --translation-table 1 --translate 1 --use-all-table-starts 0 --id-offset 0 --create-lookup 0 --threads 16 --compressed 0 -v 3 

[=================================================================] 23.36K 0s 34ms
Time for merging to q_orfs_aa_h: 0h 0m 0s 840ms
Time for merging to q_orfs_aa: 0h 0m 0s 774ms
Time for processing: 0h 0m 3s 448ms
prefilter atavide.out/tmp/tmp.1zyPsM3cj3/tmph6hw_4c2/6198851009168991670/search_tmp/8985666630636829664/q_orfs_aa databases/superfocus_mmseqsDB/mmseqs2/db/static/mmseqs2/90_clusters.db atavide.out/tmp/tmp.1zyPsM3cj3/tmph6hw_4c2/6198851009168991670/search_tmp/8985666630636829664/search/pref_0 --sub-mat nucl:nucleotide.out,aa:blosum62.out --seed-sub-mat nucl:nucleotide.out,aa:VTML80.out -k 0 --k-score 2147483647 --alph-size nucl:5,aa:21 --max-seq-len 65535 --max-seqs 300 --split 0 --split-mode 2 --split-memory-limit 0 -c 0 --cov-mode 0 --comp-bias-corr 1 --diag-score 1 --exact-kmer-matching 0 --mask 1 --mask-lower-case 0 --min-ungapped-score 15 --add-self-matches 0 --spaced-kmer-mode 1 --db-load-mode 0 --pca 1 --pcb 1.5 --threads 16 --compressed 0 -v 3 -s 1.0 

Query database size: 70215 type: Aminoacid
Estimated memory consumption: 12G
Target database size: 3865833 type: Aminoacid
Index table k-mer threshold: 154 at k-mer size 6 
Index table: counting k-mers
[=================================================================] 3.87M 17s 169ms
Index table: Masked residues: 8110446
Index table: fill
[=================================================================] 3.87M 15s 389ms
Index statistics
Entries:          579168582
DB size:          3802 MB
Avg k-mer size:   9.049509
Top 10 k-mers
    NGAAHP	19928
    VNGIGH	14753
    GGEMAP	13185
    GGKSGR	9472
    HQYHLT	9335
    PGVFEV	8866
    GGGGPV	6241
    GPGGTT	5587
    GPGGLL	5369
    HPGSRL	5341
Time for index table init: 0h 0m 34s 28ms
Process prefiltering step 1 of 1

k-mer similarity threshold: 154
Starting prefiltering scores calculation (step 1 of 1)
Query db start 1 to 70215
Target db start 1 to 3865833
[=================================================================] 70.21K 0s 513ms

1.598907 k-mers per position
467 DB matches per sequence
0 overflows
0 queries produce too many hits (truncated result)
8 sequences passed prefiltering per query sequence
0 median result list length
36237 sequences with 0 size result lists
Time for merging to pref_0: 0h 0m 0s 837ms
Time for processing: 0h 0m 37s 473ms
align atavide.out/tmp/tmp.1zyPsM3cj3/tmph6hw_4c2/6198851009168991670/search_tmp/8985666630636829664/q_orfs_aa databases/superfocus_mmseqsDB/mmseqs2/db/static/mmseqs2/90_clusters.db atavide.out/tmp/tmp.1zyPsM3cj3/tmph6hw_4c2/6198851009168991670/search_tmp/8985666630636829664/search/pref_0 atavide.out/tmp/tmp.1zyPsM3cj3/tmph6hw_4c2/6198851009168991670/search_tmp/8985666630636829664/aln --sub-mat nucl:nucleotide.out,aa:blosum62.out -a 0 --alignment-mode 3 --alignment-output-mode 0 --wrapped-scoring 0 -e 1e-05 --min-seq-id 0 --min-aln-len 0 --seq-id-mode 0 --alt-ali 0 -c 0 --cov-mode 0 --max-seq-len 65535 --comp-bias-corr 1 --max-rejected 2147483647 --max-accept 2147483647 --add-self-matches 0 --db-load-mode 0 --pca 1 --pcb 1.5 --score-bias 0 --realign 0 --realign-score-bias -0.2 --realign-max-seqs 2147483647 --gap-open nucl:5,aa:11 --gap-extend nucl:2,aa:1 --zdrop 40 --threads 16 --compressed 0 -v 3 

Compute score, coverage and sequence identity
Query database size: 70215 type: Aminoacid
Target database size: 3865833 type: Aminoacid
Calculation of alignments
[=================================================================] 70.21K 0s 787ms
Time for merging to aln: 0h 0m 0s 748ms
624629 alignments calculated
406358 sequence pairs passed the thresholds (0.650559 of overall calculated)
5.787339 hits per query sequence
Time for processing: 0h 0m 3s 266ms
rmdb atavide.out/tmp/tmp.1zyPsM3cj3/tmph6hw_4c2/6198851009168991670/search_tmp/8985666630636829664/search/pref_0 -v 3 

Time for processing: 0h 0m 0s 240ms
rmdb atavide.out/tmp/tmp.1zyPsM3cj3/tmph6hw_4c2/6198851009168991670/search_tmp/8985666630636829664/search/aln_0 -v 3 

Time for processing: 0h 0m 0s 32ms
rmdb atavide.out/tmp/tmp.1zyPsM3cj3/tmph6hw_4c2/6198851009168991670/search_tmp/8985666630636829664/search/input_0 -v 3 

Time for processing: 0h 0m 0s 35ms
rmdb atavide.out/tmp/tmp.1zyPsM3cj3/tmph6hw_4c2/6198851009168991670/search_tmp/8985666630636829664/search/aln_merge -v 3 

Time for processing: 0h 0m 0s 37ms
offsetalignment atavide.out/tmp/tmp.1zyPsM3cj3/tmph6hw_4c2/6198851009168991670/query atavide.out/tmp/tmp.1zyPsM3cj3/tmph6hw_4c2/6198851009168991670/search_tmp/8985666630636829664/q_orfs_aa databases/superfocus_mmseqsDB/mmseqs2/db/static/mmseqs2/90_clusters.db databases/superfocus_mmseqsDB/mmseqs2/db/static/mmseqs2/90_clusters.db atavide.out/tmp/tmp.1zyPsM3cj3/tmph6hw_4c2/6198851009168991670/search_tmp/8985666630636829664/aln atavide.out/tmp/tmp.1zyPsM3cj3/tmph6hw_4c2/6198851009168991670/result --chain-alignments 0 --merge-query 1 --search-type 0 --threads 16 --compressed 0 --db-load-mode 0 -v 3 

Computing ORF lookup
Computing contig offsets
Computing contig lookup
Time for contig lookup: 0h 0m 0s 6ms
Writing results to: atavide.out/tmp/tmp.1zyPsM3cj3/tmph6hw_4c2/6198851009168991670/result
[=================================================================] 23.36K 0s 43ms

Time for merging to result: 0h 0m 0s 685ms
Time for processing: 0h 0m 2s 106ms
rmdb atavide.out/tmp/tmp.1zyPsM3cj3/tmph6hw_4c2/6198851009168991670/search_tmp/8985666630636829664/q_orfs_aa -v 3 

Time for processing: 0h 0m 0s 43ms
rmdb atavide.out/tmp/tmp.1zyPsM3cj3/tmph6hw_4c2/6198851009168991670/search_tmp/8985666630636829664/t_orfs_aa -v 3 

Time for processing: 0h 0m 0s 35ms
rmdb atavide.out/tmp/tmp.1zyPsM3cj3/tmph6hw_4c2/6198851009168991670/search_tmp/8985666630636829664/aln -v 3 

Time for processing: 0h 0m 0s 140ms
convertalis atavide.out/tmp/tmp.1zyPsM3cj3/tmph6hw_4c2/6198851009168991670/query databases/superfocus_mmseqsDB/mmseqs2/db/static/mmseqs2/90_clusters.db atavide.out/tmp/tmp.1zyPsM3cj3/tmph6hw_4c2/6198851009168991670/result atavide.out/ReadAnnotations/SRR1237780/superfocus/SRR1237780_good_out_R2.fastq_alignments.m8 --sub-mat nucl:nucleotide.out,aa:blosum62.out --format-mode 0 --format-output query,target,fident,alnlen,mismatch,gapopen,qstart,qend,tstart,tend,evalue,bits --translation-table 1 --gap-open nucl:5,aa:11 --gap-extend nucl:2,aa:1 --db-output 0 --db-load-mode 0 --search-type 0 --threads 16 --compressed 0 -v 3 

[=================================================================] 23.36K 0s 117ms
Time for merging to SRR1237780_good_out_R2.fastq_alignments.m8: 0h 0m 0s 969ms
Time for processing: 0h 0m 2s 831ms
rmdb atavide.out/tmp/tmp.1zyPsM3cj3/tmph6hw_4c2/6198851009168991670/result -v 3 

Time for processing: 0h 0m 0s 129ms
rmdb atavide.out/tmp/tmp.1zyPsM3cj3/tmph6hw_4c2/6198851009168991670/query -v 3 

Time for processing: 0h 0m 0s 26ms
rmdb atavide.out/tmp/tmp.1zyPsM3cj3/tmph6hw_4c2/6198851009168991670/query_h -v 3 

Time for processing: 0h 0m 0s 28ms
Running host removal step since the paths aren set
