Building DAG of jobs...
Using shell: /usr/bin/bash
Provided cores: 4
Rules claiming more threads will be scaled down.
Job counts:
	count	jobs
	1	kraken_taxonomy
	1

[Wed Sep  7 16:05:00 2022]
rule kraken_taxonomy:
    input: atavide.out/ReadAnnotations/SRR1237783/kraken/SRR1237783.output.tsv
    output: atavide.out/ReadAnnotations/SRR1237783/kraken/SRR1237783.taxonomy.tsv
    jobid: 0
    wildcards: sample=SRR1237783
    threads: 4
    resources: mem_mb=40000, time=1440, load_superfocus=0, load_kraken=0, load_onehundred=0


        grep -v ^U atavide.out/ReadAnnotations/SRR1237783/kraken/SRR1237783.output.tsv |         taxonkit lineage -j 4 -i 3 --data-dir databases/taxdump |         taxonkit reformat -j 4 --data-dir databases/taxdump -i 6 -f         "Root; d__{k}; p__{p}; c__{c}; o__{o}; f__{f}; g__{g}"         --fill-miss-rank | cut -f 2,3,7 > atavide.out/ReadAnnotations/SRR1237783/kraken/SRR1237783.taxonomy.tsv
        
Activating conda environment: /scratch/user/nala0006/atavide-dev/atavide/atavide/atavide/workflow/conda/5bd1a470
[Wed Sep  7 16:05:13 2022]
Finished job 0.
1 of 1 steps (100%) done
Building DAG of jobs...
Using shell: /usr/bin/bash
Provided cores: 4
Rules claiming more threads will be scaled down.
Job counts:
	count	jobs
	1	kraken_taxonomy
	1

[Thu Sep  8 08:22:05 2022]
rule kraken_taxonomy:
    input: atavide.out/ReadAnnotations/SRR1237783/kraken/SRR1237783.output.tsv
    output: atavide.out/ReadAnnotations/SRR1237783/kraken/SRR1237783.taxonomy.tsv
    jobid: 0
    wildcards: sample=SRR1237783
    threads: 4
    resources: mem_mb=40000, time=1440, load_superfocus=0, load_kraken=0, load_onehundred=0


        grep -v ^U atavide.out/ReadAnnotations/SRR1237783/kraken/SRR1237783.output.tsv |         taxonkit lineage -j 4 -i 3 --data-dir databases/taxdump |         taxonkit reformat -j 4 --data-dir databases/taxdump -i 6 -f         "Root; d__{k}; p__{p}; c__{c}; o__{o}; f__{f}; g__{g}"         --fill-miss-rank | cut -f 2,3,7 > atavide.out/ReadAnnotations/SRR1237783/kraken/SRR1237783.taxonomy.tsv
        
Activating conda environment: /scratch/user/nala0006/atavide-dev/atavide/atavide/atavide/workflow/conda/5bd1a470
[Thu Sep  8 08:22:16 2022]
Finished job 0.
1 of 1 steps (100%) done
Building DAG of jobs...
Using shell: /usr/bin/bash
Provided cores: 4
Rules claiming more threads will be scaled down.
Job counts:
	count	jobs
	1	kraken_taxonomy
	1

[Thu Sep  8 08:43:29 2022]
rule kraken_taxonomy:
    input: atavide.out/ReadAnnotations/SRR1237783/kraken/SRR1237783.output.tsv
    output: atavide.out/ReadAnnotations/SRR1237783/kraken/SRR1237783.taxonomy.tsv
    jobid: 0
    wildcards: sample=SRR1237783
    threads: 4
    resources: mem_mb=40000, time=1440, load_superfocus=0, load_kraken=0, load_onehundred=0


        grep -v ^U atavide.out/ReadAnnotations/SRR1237783/kraken/SRR1237783.output.tsv |         taxonkit lineage -j 4 -i 3 --data-dir databases/taxdump |         taxonkit reformat -j 4 --data-dir databases/taxdump -i 6 -f         "Root; d__{k}; p__{p}; c__{c}; o__{o}; f__{f}; g__{g}"         --fill-miss-rank | cut -f 2,3,7 > atavide.out/ReadAnnotations/SRR1237783/kraken/SRR1237783.taxonomy.tsv
        
Activating conda environment: /scratch/user/nala0006/atavide-dev/atavide/atavide/atavide/workflow/conda/5bd1a470
[Thu Sep  8 08:43:41 2022]
Finished job 0.
1 of 1 steps (100%) done
Building DAG of jobs...
Using shell: /usr/bin/bash
Provided cores: 4
Rules claiming more threads will be scaled down.
Job counts:
	count	jobs
	1	kraken_taxonomy
	1

[Thu Sep  8 09:20:05 2022]
rule kraken_taxonomy:
    input: atavide.out/ReadAnnotations/SRR1237783/kraken/SRR1237783.output.tsv
    output: atavide.out/ReadAnnotations/SRR1237783/kraken/SRR1237783.taxonomy.tsv
    jobid: 0
    wildcards: sample=SRR1237783
    threads: 4
    resources: mem_mb=40000, time=1440, load_superfocus=0, load_kraken=0, load_onehundred=0


        grep -v ^U atavide.out/ReadAnnotations/SRR1237783/kraken/SRR1237783.output.tsv |         taxonkit lineage -j 4 -i 3 --data-dir databases/taxdump |         taxonkit reformat -j 4 --data-dir databases/taxdump -i 6 -f         "Root; d__{k}; p__{p}; c__{c}; o__{o}; f__{f}; g__{g}"         --fill-miss-rank | cut -f 2,3,7 > atavide.out/ReadAnnotations/SRR1237783/kraken/SRR1237783.taxonomy.tsv
        
Activating conda environment: /scratch/user/nala0006/atavide-dev/atavide/atavide/atavide/workflow/conda/5bd1a470
[Thu Sep  8 09:20:17 2022]
Finished job 0.
1 of 1 steps (100%) done
