Building DAG of jobs...
Using shell: /usr/bin/bash
Provided cores: 6
Rules claiming more threads will be scaled down.
Job counts:
	count	jobs
	1	fqchk_r1_sequences
	1

[Wed Sep  7 16:04:28 2022]
rule fqchk_r1_sequences:
    input: atavide.out/QC/SRR1237780_good_out_R1.fastq
    output: atavide.out/ReadAnnotations/SRR1237780/statistics/SRR1237780_good_out_R1.fqchk.tsv
    jobid: 0
    wildcards: sample=SRR1237780
    threads: 6
    resources: mem_mb=25000, time=1440, load_superfocus=0, load_kraken=0, load_onehundred=0


        mkdir -p atavide.out/ReadAnnotations/SRR1237780/statistics;
        seqtk fqchk atavide.out/QC/SRR1237780_good_out_R1.fastq > atavide.out/ReadAnnotations/SRR1237780/statistics/SRR1237780_good_out_R1.fqchk.tsv
        
Activating conda environment: /scratch/user/nala0006/atavide-dev/atavide/atavide/atavide/workflow/conda/be876ce4
[Wed Sep  7 16:04:31 2022]
Finished job 0.
1 of 1 steps (100%) done
Building DAG of jobs...
Using shell: /usr/bin/bash
Provided cores: 8
Rules claiming more threads will be scaled down.
Job counts:
	count	jobs
	1	fqchk_r1_sequences
	1

[Thu Sep  8 08:18:17 2022]
rule fqchk_r1_sequences:
    input: atavide.out/QC/SRR1237780_good_out_R1.fastq
    output: atavide.out/ReadAnnotations/SRR1237780/statistics/SRR1237780_good_out_R1.fqchk.tsv
    jobid: 0
    wildcards: sample=SRR1237780
    threads: 8
    resources: mem_mb=25000, time=1440, load_superfocus=0, load_kraken=0, load_onehundred=0


        mkdir -p atavide.out/ReadAnnotations/SRR1237780/statistics;
        seqtk fqchk atavide.out/QC/SRR1237780_good_out_R1.fastq > atavide.out/ReadAnnotations/SRR1237780/statistics/SRR1237780_good_out_R1.fqchk.tsv
        
Activating conda environment: /scratch/user/nala0006/atavide-dev/atavide/atavide/atavide/workflow/conda/be876ce4
[Thu Sep  8 08:18:21 2022]
Finished job 0.
1 of 1 steps (100%) done
