Building DAG of jobs...
Using shell: /usr/bin/bash
Provided cores: 16
Rules claiming more threads will be scaled down.
Job counts:
	count	jobs
	1	btmap
	1

[Thu Sep  8 09:13:33 2022]
rule btmap:
    input: atavide.out/QC/SRR1237783_good_out_R1.fastq, atavide.out/QC/SRR1237783_good_out_R2.fastq, atavide.out/QC/SRR1237783_single_out_R1.fastq, atavide.out/QC/SRR1237783_single_out_R2.fastq
    output: atavide.out/host_mapped/SRR1237783.hostmapped.bam
    jobid: 0
    wildcards: sample=SRR1237783
    threads: 16
    resources: mem_mb=64000, time=1440, load_superfocus=0, load_kraken=0, load_onehundred=0


		bowtie2 --mm -p 16 -x host/GCA_000001405.15_GRCh38_full_analysis_set.fna.bowtie_index -1 atavide.out/QC/SRR1237783_good_out_R1.fastq -2 atavide.out/QC/SRR1237783_good_out_R2.fastq          | samtools view -@ 16 -bh | samtools sort -o atavide.out/host_mapped/SRR1237783.hostmapped.bam -
        
Activating conda environment: /scratch/user/nala0006/atavide-dev/atavide/atavide/atavide/workflow/conda/472d950e
24010 reads; of these:
  24010 (100.00%) were paired; of these:
    23938 (99.70%) aligned concordantly 0 times
    60 (0.25%) aligned concordantly exactly 1 time
    12 (0.05%) aligned concordantly >1 times
    ----
    23938 pairs aligned concordantly 0 times; of these:
      1 (0.00%) aligned discordantly 1 time
    ----
    23937 pairs aligned 0 times concordantly or discordantly; of these:
      47874 mates make up the pairs; of these:
        47868 (99.99%) aligned 0 times
        4 (0.01%) aligned exactly 1 time
        2 (0.00%) aligned >1 times
0.32% overall alignment rate
[Thu Sep  8 09:13:48 2022]
Finished job 0.
1 of 1 steps (100%) done
