Building DAG of jobs...
Using shell: /usr/bin/bash
Provided cores: 2
Rules claiming more threads will be scaled down.
Job counts:
	count	jobs
	1	join_kraken_families
	1

[Wed Sep  7 15:14:37 2022]
rule join_kraken_families:
    input: atavide.out/ReadAnnotations/SRR1237780/kraken/SRR1237780.family_fraction.tsv, atavide.out/ReadAnnotations/SRR1237782/kraken/SRR1237782.family_fraction.tsv, atavide.out/ReadAnnotations/SRR1237783/kraken/SRR1237783.family_fraction.tsv
    output: atavide.out/statistics/kraken_families.tsv
    jobid: 0
    resources: mem_mb=2000, time=1440, load_superfocus=0, load_kraken=0, load_onehundred=0


        perl /scratch/user/nala0006/atavide-dev/atavide/atavide/atavide/workflow/scripts/joinlists.pl -z -h atavide.out/ReadAnnotations/SRR1237780/kraken/SRR1237780.family_fraction.tsv atavide.out/ReadAnnotations/SRR1237782/kraken/SRR1237782.family_fraction.tsv atavide.out/ReadAnnotations/SRR1237783/kraken/SRR1237783.family_fraction.tsv > atavide.out/statistics/kraken_families.tsv
        
[Wed Sep  7 15:14:37 2022]
Finished job 0.
1 of 1 steps (100%) done
Building DAG of jobs...
Using shell: /usr/bin/bash
Provided cores: 2
Rules claiming more threads will be scaled down.
Job counts:
	count	jobs
	1	join_kraken_families
	1

[Wed Sep  7 15:30:14 2022]
rule join_kraken_families:
    input: atavide.out/ReadAnnotations/SRR1237780/kraken/SRR1237780.family_fraction.tsv, atavide.out/ReadAnnotations/SRR1237782/kraken/SRR1237782.family_fraction.tsv, atavide.out/ReadAnnotations/SRR1237783/kraken/SRR1237783.family_fraction.tsv
    output: atavide.out/statistics/kraken_families.tsv
    jobid: 0
    resources: mem_mb=2000, time=1440, load_superfocus=0, load_kraken=0, load_onehundred=0


        perl /scratch/user/nala0006/atavide-dev/atavide/atavide/atavide/workflow/scripts/joinlists.pl -z -h atavide.out/ReadAnnotations/SRR1237780/kraken/SRR1237780.family_fraction.tsv atavide.out/ReadAnnotations/SRR1237782/kraken/SRR1237782.family_fraction.tsv atavide.out/ReadAnnotations/SRR1237783/kraken/SRR1237783.family_fraction.tsv > atavide.out/statistics/kraken_families.tsv
        
[Wed Sep  7 15:30:14 2022]
Finished job 0.
1 of 1 steps (100%) done
