Building DAG of jobs...
Using shell: /usr/bin/bash
Provided cores: 2
Rules claiming more threads will be scaled down.
Job counts:
	count	jobs
	1	get_fqchk_cols
	1

[Wed Sep  7 16:05:05 2022]
rule get_fqchk_cols:
    input: atavide.out/ReadAnnotations/SRR1237782/statistics/SRR1237782_good_out_R1.fqchk.tsv
    output: atavide.out/ReadAnnotations/SRR1237782/statistics/SRR1237782_good_out_R1.fqchk.tsv.tmp
    jobid: 0
    wildcards: sample=SRR1237782
    resources: mem_mb=2000, time=1440, load_superfocus=0, load_kraken=0, load_onehundred=0


        cut -f 1,8 atavide.out/ReadAnnotations/SRR1237782/statistics/SRR1237782_good_out_R1.fqchk.tsv | tail -n +2 | grep -v ALL | sed -e 's/avgQ/SRR1237782/' > atavide.out/ReadAnnotations/SRR1237782/statistics/SRR1237782_good_out_R1.fqchk.tsv.tmp
        
[Wed Sep  7 16:05:05 2022]
Finished job 0.
1 of 1 steps (100%) done
Building DAG of jobs...
Using shell: /usr/bin/bash
Provided cores: 2
Rules claiming more threads will be scaled down.
Job counts:
	count	jobs
	1	get_fqchk_cols
	1

[Thu Sep  8 08:23:35 2022]
rule get_fqchk_cols:
    input: atavide.out/ReadAnnotations/SRR1237782/statistics/SRR1237782_good_out_R1.fqchk.tsv
    output: atavide.out/ReadAnnotations/SRR1237782/statistics/SRR1237782_good_out_R1.fqchk.tsv.tmp
    jobid: 0
    wildcards: sample=SRR1237782
    resources: mem_mb=2000, time=1440, load_superfocus=0, load_kraken=0, load_onehundred=0


        cut -f 1,8 atavide.out/ReadAnnotations/SRR1237782/statistics/SRR1237782_good_out_R1.fqchk.tsv | tail -n +2 | grep -v ALL | sed -e 's/avgQ/SRR1237782/' > atavide.out/ReadAnnotations/SRR1237782/statistics/SRR1237782_good_out_R1.fqchk.tsv.tmp
        
[Thu Sep  8 08:23:35 2022]
Finished job 0.
1 of 1 steps (100%) done
Building DAG of jobs...
Using shell: /usr/bin/bash
Provided cores: 2
Rules claiming more threads will be scaled down.
Job counts:
	count	jobs
	1	get_fqchk_cols
	1

[Thu Sep  8 09:19:05 2022]
rule get_fqchk_cols:
    input: atavide.out/ReadAnnotations/SRR1237782/statistics/SRR1237782_good_out_R1.fqchk.tsv
    output: atavide.out/ReadAnnotations/SRR1237782/statistics/SRR1237782_good_out_R1.fqchk.tsv.tmp
    jobid: 0
    wildcards: sample=SRR1237782
    resources: mem_mb=2000, time=1440, load_superfocus=0, load_kraken=0, load_onehundred=0


        cut -f 1,8 atavide.out/ReadAnnotations/SRR1237782/statistics/SRR1237782_good_out_R1.fqchk.tsv | tail -n +2 | grep -v ALL | sed -e 's/avgQ/SRR1237782/' > atavide.out/ReadAnnotations/SRR1237782/statistics/SRR1237782_good_out_R1.fqchk.tsv.tmp
        
[Thu Sep  8 09:19:05 2022]
Finished job 0.
1 of 1 steps (100%) done
