Building DAG of jobs...
Using shell: /usr/bin/bash
Provided cores: 8
Rules claiming more threads will be scaled down.
Job counts:
	count	jobs
	1	kraken_subsample
	1

[Thu Sep  8 13:06:15 2022]
rule kraken_subsample:
    input: atavide.out/ReadAnnotations/SRR1237783/kraken/SRR1237783_good_out_R1.0.8.fastq
    output: atavide.out/ReadAnnotations/SRR1237783/kraken/SRR1237783.report.0.8.tsv
    jobid: 0
    wildcards: sample=SRR1237783, frac=0.8
    threads: 8
    resources: mem_mb=256000, time=1440, load_superfocus=0, load_kraken=50, load_onehundred=0


        kraken2 --report atavide.out/ReadAnnotations/SRR1237783/kraken/SRR1237783.report.0.8.tsv                 --threads 8                 --db databases/kraken                 atavide.out/ReadAnnotations/SRR1237783/kraken/SRR1237783_good_out_R1.0.8.fastq
        
Activating conda environment: /scratch/user/nala0006/atavide-dev/atavide/atavide/atavide/workflow/conda/330fb15b
Loading database information... done.
19185 sequences (1.92 Mbp) processed in 0.143s (8070.4 Kseq/m, 807.50 Mbp/m).
  4431 sequences classified (23.10%)
  14754 sequences unclassified (76.90%)
[Thu Sep  8 13:06:26 2022]
Finished job 0.
1 of 1 steps (100%) done
