Building DAG of jobs...
Using shell: /usr/bin/bash
Provided cores: 8
Rules claiming more threads will be scaled down.
Job counts:
	count	jobs
	1	kraken_subsample
	1

[Wed Sep  7 15:13:55 2022]
rule kraken_subsample:
    input: atavide.out/ReadAnnotations/SRR1237780/kraken/SRR1237780_good_out_R1.0.6.fastq
    output: atavide.out/ReadAnnotations/SRR1237780/kraken/SRR1237780.report.0.6.tsv
    jobid: 0
    wildcards: sample=SRR1237780, frac=0.6
    threads: 8
    resources: mem_mb=256000, time=1440, load_superfocus=0, load_kraken=50, load_onehundred=0


        kraken2 --report atavide.out/ReadAnnotations/SRR1237780/kraken/SRR1237780.report.0.6.tsv                 --threads 8                 atavide.out/ReadAnnotations/SRR1237780/kraken/SRR1237780_good_out_R1.0.6.fastq
        
Activating conda environment: /scratch/user/nala0006/atavide-dev/atavide/atavide/atavide/workflow/conda/330fb15b
kraken2: Must specify DB with either --db or $KRAKEN2_DEFAULT_DB
[Wed Sep  7 15:13:58 2022]
Error in rule kraken_subsample:
    jobid: 0
    output: atavide.out/ReadAnnotations/SRR1237780/kraken/SRR1237780.report.0.6.tsv
    conda-env: /scratch/user/nala0006/atavide-dev/atavide/atavide/atavide/workflow/conda/330fb15b
    shell:
        
        kraken2 --report atavide.out/ReadAnnotations/SRR1237780/kraken/SRR1237780.report.0.6.tsv                 --threads 8                 atavide.out/ReadAnnotations/SRR1237780/kraken/SRR1237780_good_out_R1.0.6.fastq
        
        (one of the commands exited with non-zero exit code; note that snakemake uses bash strict mode!)

Shutting down, this might take some time.
Exiting because a job execution failed. Look above for error message
Building DAG of jobs...
Using shell: /usr/bin/bash
Provided cores: 8
Rules claiming more threads will be scaled down.
Job counts:
	count	jobs
	1	kraken_subsample
	1

[Wed Sep  7 15:14:14 2022]
rule kraken_subsample:
    input: atavide.out/ReadAnnotations/SRR1237780/kraken/SRR1237780_good_out_R1.0.6.fastq
    output: atavide.out/ReadAnnotations/SRR1237780/kraken/SRR1237780.report.0.6.tsv
    jobid: 0
    wildcards: sample=SRR1237780, frac=0.6
    threads: 8
    resources: mem_mb=256000, time=1440, load_superfocus=0, load_kraken=50, load_onehundred=0


        kraken2 --report atavide.out/ReadAnnotations/SRR1237780/kraken/SRR1237780.report.0.6.tsv                 --threads 8                 atavide.out/ReadAnnotations/SRR1237780/kraken/SRR1237780_good_out_R1.0.6.fastq
        
Activating conda environment: /scratch/user/nala0006/atavide-dev/atavide/atavide/atavide/workflow/conda/330fb15b
kraken2: Must specify DB with either --db or $KRAKEN2_DEFAULT_DB
[Wed Sep  7 15:14:17 2022]
Error in rule kraken_subsample:
    jobid: 0
    output: atavide.out/ReadAnnotations/SRR1237780/kraken/SRR1237780.report.0.6.tsv
    conda-env: /scratch/user/nala0006/atavide-dev/atavide/atavide/atavide/workflow/conda/330fb15b
    shell:
        
        kraken2 --report atavide.out/ReadAnnotations/SRR1237780/kraken/SRR1237780.report.0.6.tsv                 --threads 8                 atavide.out/ReadAnnotations/SRR1237780/kraken/SRR1237780_good_out_R1.0.6.fastq
        
        (one of the commands exited with non-zero exit code; note that snakemake uses bash strict mode!)

Shutting down, this might take some time.
Exiting because a job execution failed. Look above for error message
Building DAG of jobs...
Using shell: /usr/bin/bash
Provided cores: 8
Rules claiming more threads will be scaled down.
Job counts:
	count	jobs
	1	kraken_subsample
	1

[Wed Sep  7 15:30:27 2022]
rule kraken_subsample:
    input: atavide.out/ReadAnnotations/SRR1237780/kraken/SRR1237780_good_out_R1.0.6.fastq
    output: atavide.out/ReadAnnotations/SRR1237780/kraken/SRR1237780.report.0.6.tsv
    jobid: 0
    wildcards: sample=SRR1237780, frac=0.6
    threads: 8
    resources: mem_mb=256000, time=1440, load_superfocus=0, load_kraken=50, load_onehundred=0


        kraken2 --report atavide.out/ReadAnnotations/SRR1237780/kraken/SRR1237780.report.0.6.tsv                 --threads 8                 --db databases/kraken                 atavide.out/ReadAnnotations/SRR1237780/kraken/SRR1237780_good_out_R1.0.6.fastq
        
Activating conda environment: /scratch/user/nala0006/atavide-dev/atavide/atavide/atavide/workflow/conda/330fb15b
Loading database information... done.
14022 sequences (1.40 Mbp) processed in 0.109s (7720.7 Kseq/m, 773.56 Mbp/m).
  2673 sequences classified (19.06%)
  11349 sequences unclassified (80.94%)
[Wed Sep  7 15:30:33 2022]
Finished job 0.
1 of 1 steps (100%) done
