Building DAG of jobs...
Using shell: /usr/bin/bash
Provided cores: 8
Rules claiming more threads will be scaled down.
Job counts:
	count	jobs
	1	kraken_subsample
	1

[Wed Sep  7 15:12:24 2022]
rule kraken_subsample:
    input: atavide.out/ReadAnnotations/SRR1237782/kraken/SRR1237782_good_out_R1.0.7.fastq
    output: atavide.out/ReadAnnotations/SRR1237782/kraken/SRR1237782.report.0.7.tsv
    jobid: 0
    wildcards: sample=SRR1237782, frac=0.7
    threads: 8
    resources: mem_mb=256000, time=1440, load_superfocus=0, load_kraken=50, load_onehundred=0


        kraken2 --report atavide.out/ReadAnnotations/SRR1237782/kraken/SRR1237782.report.0.7.tsv                 --threads 8                 atavide.out/ReadAnnotations/SRR1237782/kraken/SRR1237782_good_out_R1.0.7.fastq
        
Activating conda environment: /scratch/user/nala0006/atavide-dev/atavide/atavide/atavide/workflow/conda/330fb15b
kraken2: Must specify DB with either --db or $KRAKEN2_DEFAULT_DB
[Wed Sep  7 15:12:27 2022]
Error in rule kraken_subsample:
    jobid: 0
    output: atavide.out/ReadAnnotations/SRR1237782/kraken/SRR1237782.report.0.7.tsv
    conda-env: /scratch/user/nala0006/atavide-dev/atavide/atavide/atavide/workflow/conda/330fb15b
    shell:
        
        kraken2 --report atavide.out/ReadAnnotations/SRR1237782/kraken/SRR1237782.report.0.7.tsv                 --threads 8                 atavide.out/ReadAnnotations/SRR1237782/kraken/SRR1237782_good_out_R1.0.7.fastq
        
        (one of the commands exited with non-zero exit code; note that snakemake uses bash strict mode!)

Shutting down, this might take some time.
Exiting because a job execution failed. Look above for error message
Building DAG of jobs...
Using shell: /usr/bin/bash
Provided cores: 8
Rules claiming more threads will be scaled down.
Job counts:
	count	jobs
	1	kraken_subsample
	1

[Wed Sep  7 15:12:44 2022]
rule kraken_subsample:
    input: atavide.out/ReadAnnotations/SRR1237782/kraken/SRR1237782_good_out_R1.0.7.fastq
    output: atavide.out/ReadAnnotations/SRR1237782/kraken/SRR1237782.report.0.7.tsv
    jobid: 0
    wildcards: sample=SRR1237782, frac=0.7
    threads: 8
    resources: mem_mb=256000, time=1440, load_superfocus=0, load_kraken=50, load_onehundred=0


        kraken2 --report atavide.out/ReadAnnotations/SRR1237782/kraken/SRR1237782.report.0.7.tsv                 --threads 8                 atavide.out/ReadAnnotations/SRR1237782/kraken/SRR1237782_good_out_R1.0.7.fastq
        
Activating conda environment: /scratch/user/nala0006/atavide-dev/atavide/atavide/atavide/workflow/conda/330fb15b
kraken2: Must specify DB with either --db or $KRAKEN2_DEFAULT_DB
[Wed Sep  7 15:12:47 2022]
Error in rule kraken_subsample:
    jobid: 0
    output: atavide.out/ReadAnnotations/SRR1237782/kraken/SRR1237782.report.0.7.tsv
    conda-env: /scratch/user/nala0006/atavide-dev/atavide/atavide/atavide/workflow/conda/330fb15b
    shell:
        
        kraken2 --report atavide.out/ReadAnnotations/SRR1237782/kraken/SRR1237782.report.0.7.tsv                 --threads 8                 atavide.out/ReadAnnotations/SRR1237782/kraken/SRR1237782_good_out_R1.0.7.fastq
        
        (one of the commands exited with non-zero exit code; note that snakemake uses bash strict mode!)

Shutting down, this might take some time.
Exiting because a job execution failed. Look above for error message
Building DAG of jobs...
Using shell: /usr/bin/bash
Provided cores: 8
Rules claiming more threads will be scaled down.
Job counts:
	count	jobs
	1	kraken_subsample
	1

[Wed Sep  7 15:28:37 2022]
rule kraken_subsample:
    input: atavide.out/ReadAnnotations/SRR1237782/kraken/SRR1237782_good_out_R1.0.7.fastq
    output: atavide.out/ReadAnnotations/SRR1237782/kraken/SRR1237782.report.0.7.tsv
    jobid: 0
    wildcards: sample=SRR1237782, frac=0.7
    threads: 8
    resources: mem_mb=256000, time=1440, load_superfocus=0, load_kraken=50, load_onehundred=0


        kraken2 --report atavide.out/ReadAnnotations/SRR1237782/kraken/SRR1237782.report.0.7.tsv                 --threads 8                 --db databases/kraken                 atavide.out/ReadAnnotations/SRR1237782/kraken/SRR1237782_good_out_R1.0.7.fastq
        
Activating conda environment: /scratch/user/nala0006/atavide-dev/atavide/atavide/atavide/workflow/conda/330fb15b
Loading database information... done.
16899 sequences (1.69 Mbp) processed in 0.139s (7307.4 Kseq/m, 730.92 Mbp/m).
  4507 sequences classified (26.67%)
  12392 sequences unclassified (73.33%)
[Wed Sep  7 15:28:42 2022]
Finished job 0.
1 of 1 steps (100%) done
Building DAG of jobs...
Using shell: /usr/bin/bash
Provided cores: 8
Rules claiming more threads will be scaled down.
Job counts:
	count	jobs
	1	kraken_subsample
	1

[Thu Sep  8 08:22:05 2022]
rule kraken_subsample:
    input: atavide.out/ReadAnnotations/SRR1237780/kraken/SRR1237780_good_out_R1.0.9.fastq
    output: atavide.out/ReadAnnotations/SRR1237780/kraken/SRR1237780.report.0.9.tsv
    jobid: 0
    wildcards: sample=SRR1237780, frac=0.9
    threads: 8
    resources: mem_mb=256000, time=1440, load_superfocus=0, load_kraken=50, load_onehundred=0


        kraken2 --report atavide.out/ReadAnnotations/SRR1237780/kraken/SRR1237780.report.0.9.tsv                 --threads 8                 --db databases/kraken                 atavide.out/ReadAnnotations/SRR1237780/kraken/SRR1237780_good_out_R1.0.9.fastq
        
Activating conda environment: /scratch/user/nala0006/atavide-dev/atavide/atavide/atavide/workflow/conda/330fb15b
Loading database information... done.
21042 sequences (2.11 Mbp) processed in 0.129s (9752.8 Kseq/m, 976.97 Mbp/m).
  3947 sequences classified (18.76%)
  17095 sequences unclassified (81.24%)
[Thu Sep  8 08:22:10 2022]
Finished job 0.
1 of 1 steps (100%) done
