Building DAG of jobs...
Using shell: /usr/bin/bash
Provided cores: 8
Rules claiming more threads will be scaled down.
Job counts:
	count	jobs
	1	kraken_subsample
	1

[Wed Sep  7 15:11:37 2022]
rule kraken_subsample:
    input: atavide.out/ReadAnnotations/SRR1237782/kraken/SRR1237782_good_out_R1.0.8.fastq
    output: atavide.out/ReadAnnotations/SRR1237782/kraken/SRR1237782.report.0.8.tsv
    jobid: 0
    wildcards: sample=SRR1237782, frac=0.8
    threads: 8
    resources: mem_mb=256000, time=1440, load_superfocus=0, load_kraken=50, load_onehundred=0


        kraken2 --report atavide.out/ReadAnnotations/SRR1237782/kraken/SRR1237782.report.0.8.tsv                 --threads 8                 atavide.out/ReadAnnotations/SRR1237782/kraken/SRR1237782_good_out_R1.0.8.fastq
        
Activating conda environment: /scratch/user/nala0006/atavide-dev/atavide/atavide/atavide/workflow/conda/330fb15b
kraken2: Must specify DB with either --db or $KRAKEN2_DEFAULT_DB
[Wed Sep  7 15:11:40 2022]
Error in rule kraken_subsample:
    jobid: 0
    output: atavide.out/ReadAnnotations/SRR1237782/kraken/SRR1237782.report.0.8.tsv
    conda-env: /scratch/user/nala0006/atavide-dev/atavide/atavide/atavide/workflow/conda/330fb15b
    shell:
        
        kraken2 --report atavide.out/ReadAnnotations/SRR1237782/kraken/SRR1237782.report.0.8.tsv                 --threads 8                 atavide.out/ReadAnnotations/SRR1237782/kraken/SRR1237782_good_out_R1.0.8.fastq
        
        (one of the commands exited with non-zero exit code; note that snakemake uses bash strict mode!)

Shutting down, this might take some time.
Exiting because a job execution failed. Look above for error message
Building DAG of jobs...
Using shell: /usr/bin/bash
Provided cores: 8
Rules claiming more threads will be scaled down.
Job counts:
	count	jobs
	1	kraken_subsample
	1

[Wed Sep  7 15:11:44 2022]
rule kraken_subsample:
    input: atavide.out/ReadAnnotations/SRR1237782/kraken/SRR1237782_good_out_R1.0.8.fastq
    output: atavide.out/ReadAnnotations/SRR1237782/kraken/SRR1237782.report.0.8.tsv
    jobid: 0
    wildcards: sample=SRR1237782, frac=0.8
    threads: 8
    resources: mem_mb=256000, time=1440, load_superfocus=0, load_kraken=50, load_onehundred=0


        kraken2 --report atavide.out/ReadAnnotations/SRR1237782/kraken/SRR1237782.report.0.8.tsv                 --threads 8                 atavide.out/ReadAnnotations/SRR1237782/kraken/SRR1237782_good_out_R1.0.8.fastq
        
Activating conda environment: /scratch/user/nala0006/atavide-dev/atavide/atavide/atavide/workflow/conda/330fb15b
kraken2: Must specify DB with either --db or $KRAKEN2_DEFAULT_DB
[Wed Sep  7 15:11:47 2022]
Error in rule kraken_subsample:
    jobid: 0
    output: atavide.out/ReadAnnotations/SRR1237782/kraken/SRR1237782.report.0.8.tsv
    conda-env: /scratch/user/nala0006/atavide-dev/atavide/atavide/atavide/workflow/conda/330fb15b
    shell:
        
        kraken2 --report atavide.out/ReadAnnotations/SRR1237782/kraken/SRR1237782.report.0.8.tsv                 --threads 8                 atavide.out/ReadAnnotations/SRR1237782/kraken/SRR1237782_good_out_R1.0.8.fastq
        
        (one of the commands exited with non-zero exit code; note that snakemake uses bash strict mode!)

Shutting down, this might take some time.
Exiting because a job execution failed. Look above for error message
Building DAG of jobs...
Using shell: /usr/bin/bash
Provided cores: 8
Rules claiming more threads will be scaled down.
Job counts:
	count	jobs
	1	kraken_subsample
	1

[Wed Sep  7 15:27:54 2022]
rule kraken_subsample:
    input: atavide.out/ReadAnnotations/SRR1237782/kraken/SRR1237782_good_out_R1.0.8.fastq
    output: atavide.out/ReadAnnotations/SRR1237782/kraken/SRR1237782.report.0.8.tsv
    jobid: 0
    wildcards: sample=SRR1237782, frac=0.8
    threads: 8
    resources: mem_mb=256000, time=1440, load_superfocus=0, load_kraken=50, load_onehundred=0


        kraken2 --report atavide.out/ReadAnnotations/SRR1237782/kraken/SRR1237782.report.0.8.tsv                 --threads 8                 --db databases/kraken                 atavide.out/ReadAnnotations/SRR1237782/kraken/SRR1237782_good_out_R1.0.8.fastq
        
Activating conda environment: /scratch/user/nala0006/atavide-dev/atavide/atavide/atavide/workflow/conda/330fb15b
Loading database information... done.
19346 sequences (1.94 Mbp) processed in 0.136s (8556.4 Kseq/m, 856.00 Mbp/m).
  5161 sequences classified (26.68%)
  14185 sequences unclassified (73.32%)
[Wed Sep  7 15:28:00 2022]
Finished job 0.
1 of 1 steps (100%) done
Building DAG of jobs...
Using shell: /usr/bin/bash
Provided cores: 8
Rules claiming more threads will be scaled down.
Job counts:
	count	jobs
	1	kraken_subsample
	1

[Thu Sep  8 08:32:35 2022]
rule kraken_subsample:
    input: atavide.out/ReadAnnotations/SRR1237782/kraken/SRR1237782_good_out_R1.0.1.fastq
    output: atavide.out/ReadAnnotations/SRR1237782/kraken/SRR1237782.report.0.1.tsv
    jobid: 0
    wildcards: sample=SRR1237782, frac=0.1
    threads: 8
    resources: mem_mb=256000, time=1440, load_superfocus=0, load_kraken=50, load_onehundred=0


        kraken2 --report atavide.out/ReadAnnotations/SRR1237782/kraken/SRR1237782.report.0.1.tsv                 --threads 8                 --db databases/kraken                 atavide.out/ReadAnnotations/SRR1237782/kraken/SRR1237782_good_out_R1.0.1.fastq
        
Activating conda environment: /scratch/user/nala0006/atavide-dev/atavide/atavide/atavide/workflow/conda/330fb15b
Loading database information... done.
2457 sequences (0.25 Mbp) processed in 0.039s (3783.6 Kseq/m, 378.27 Mbp/m).
  692 sequences classified (28.16%)
  1765 sequences unclassified (71.84%)
[Thu Sep  8 08:32:40 2022]
Finished job 0.
1 of 1 steps (100%) done
