Building DAG of jobs...
Using shell: /usr/bin/bash
Provided cores: 8
Rules claiming more threads will be scaled down.
Job counts:
	count	jobs
	1	kraken_subsample
	1

[Wed Sep  7 15:10:56 2022]
rule kraken_subsample:
    input: atavide.out/ReadAnnotations/SRR1237782/kraken/SRR1237782_good_out_R1.0.9.fastq
    output: atavide.out/ReadAnnotations/SRR1237782/kraken/SRR1237782.report.0.9.tsv
    jobid: 0
    wildcards: sample=SRR1237782, frac=0.9
    threads: 8
    resources: mem_mb=256000, time=1440, load_superfocus=0, load_kraken=50, load_onehundred=0


        kraken2 --report atavide.out/ReadAnnotations/SRR1237782/kraken/SRR1237782.report.0.9.tsv                 --threads 8                 atavide.out/ReadAnnotations/SRR1237782/kraken/SRR1237782_good_out_R1.0.9.fastq
        
Activating conda environment: /scratch/user/nala0006/atavide-dev/atavide/atavide/atavide/workflow/conda/330fb15b
kraken2: Must specify DB with either --db or $KRAKEN2_DEFAULT_DB
[Wed Sep  7 15:10:59 2022]
Error in rule kraken_subsample:
    jobid: 0
    output: atavide.out/ReadAnnotations/SRR1237782/kraken/SRR1237782.report.0.9.tsv
    conda-env: /scratch/user/nala0006/atavide-dev/atavide/atavide/atavide/workflow/conda/330fb15b
    shell:
        
        kraken2 --report atavide.out/ReadAnnotations/SRR1237782/kraken/SRR1237782.report.0.9.tsv                 --threads 8                 atavide.out/ReadAnnotations/SRR1237782/kraken/SRR1237782_good_out_R1.0.9.fastq
        
        (one of the commands exited with non-zero exit code; note that snakemake uses bash strict mode!)

Shutting down, this might take some time.
Exiting because a job execution failed. Look above for error message
Building DAG of jobs...
Using shell: /usr/bin/bash
Provided cores: 8
Rules claiming more threads will be scaled down.
Job counts:
	count	jobs
	1	kraken_subsample
	1

[Wed Sep  7 15:11:14 2022]
rule kraken_subsample:
    input: atavide.out/ReadAnnotations/SRR1237782/kraken/SRR1237782_good_out_R1.0.9.fastq
    output: atavide.out/ReadAnnotations/SRR1237782/kraken/SRR1237782.report.0.9.tsv
    jobid: 0
    wildcards: sample=SRR1237782, frac=0.9
    threads: 8
    resources: mem_mb=256000, time=1440, load_superfocus=0, load_kraken=50, load_onehundred=0


        kraken2 --report atavide.out/ReadAnnotations/SRR1237782/kraken/SRR1237782.report.0.9.tsv                 --threads 8                 atavide.out/ReadAnnotations/SRR1237782/kraken/SRR1237782_good_out_R1.0.9.fastq
        
Activating conda environment: /scratch/user/nala0006/atavide-dev/atavide/atavide/atavide/workflow/conda/330fb15b
kraken2: Must specify DB with either --db or $KRAKEN2_DEFAULT_DB
[Wed Sep  7 15:11:17 2022]
Error in rule kraken_subsample:
    jobid: 0
    output: atavide.out/ReadAnnotations/SRR1237782/kraken/SRR1237782.report.0.9.tsv
    conda-env: /scratch/user/nala0006/atavide-dev/atavide/atavide/atavide/workflow/conda/330fb15b
    shell:
        
        kraken2 --report atavide.out/ReadAnnotations/SRR1237782/kraken/SRR1237782.report.0.9.tsv                 --threads 8                 atavide.out/ReadAnnotations/SRR1237782/kraken/SRR1237782_good_out_R1.0.9.fastq
        
        (one of the commands exited with non-zero exit code; note that snakemake uses bash strict mode!)

Shutting down, this might take some time.
Exiting because a job execution failed. Look above for error message
Building DAG of jobs...
Using shell: /usr/bin/bash
Provided cores: 8
Rules claiming more threads will be scaled down.
Job counts:
	count	jobs
	1	kraken_subsample
	1

[Wed Sep  7 15:27:20 2022]
rule kraken_subsample:
    input: atavide.out/ReadAnnotations/SRR1237782/kraken/SRR1237782_good_out_R1.0.9.fastq
    output: atavide.out/ReadAnnotations/SRR1237782/kraken/SRR1237782.report.0.9.tsv
    jobid: 0
    wildcards: sample=SRR1237782, frac=0.9
    threads: 8
    resources: mem_mb=256000, time=1440, load_superfocus=0, load_kraken=50, load_onehundred=0


        kraken2 --report atavide.out/ReadAnnotations/SRR1237782/kraken/SRR1237782.report.0.9.tsv                 --threads 8                 --db databases/kraken                 atavide.out/ReadAnnotations/SRR1237782/kraken/SRR1237782_good_out_R1.0.9.fastq
        
Activating conda environment: /scratch/user/nala0006/atavide-dev/atavide/atavide/atavide/workflow/conda/330fb15b
Loading database information... done.
21704 sequences (2.17 Mbp) processed in 0.135s (9655.1 Kseq/m, 966.05 Mbp/m).
  5782 sequences classified (26.64%)
  15922 sequences unclassified (73.36%)
[Wed Sep  7 15:27:25 2022]
Finished job 0.
1 of 1 steps (100%) done
Building DAG of jobs...
Using shell: /usr/bin/bash
Provided cores: 8
Rules claiming more threads will be scaled down.
Job counts:
	count	jobs
	1	kraken_subsample
	1

[Thu Sep  8 08:31:45 2022]
rule kraken_subsample:
    input: atavide.out/ReadAnnotations/SRR1237782/kraken/SRR1237782_good_out_R1.0.2.fastq
    output: atavide.out/ReadAnnotations/SRR1237782/kraken/SRR1237782.report.0.2.tsv
    jobid: 0
    wildcards: sample=SRR1237782, frac=0.2
    threads: 8
    resources: mem_mb=256000, time=1440, load_superfocus=0, load_kraken=50, load_onehundred=0


        kraken2 --report atavide.out/ReadAnnotations/SRR1237782/kraken/SRR1237782.report.0.2.tsv                 --threads 8                 --db databases/kraken                 atavide.out/ReadAnnotations/SRR1237782/kraken/SRR1237782_good_out_R1.0.2.fastq
        
Activating conda environment: /scratch/user/nala0006/atavide-dev/atavide/atavide/atavide/workflow/conda/330fb15b
Loading database information... done.
4856 sequences (0.49 Mbp) processed in 0.055s (5272.0 Kseq/m, 527.29 Mbp/m).
  1320 sequences classified (27.18%)
  3536 sequences unclassified (72.82%)
[Thu Sep  8 08:31:51 2022]
Finished job 0.
1 of 1 steps (100%) done
