Building DAG of jobs...
Using shell: /usr/bin/bash
Provided cores: 8
Rules claiming more threads will be scaled down.
Job counts:
	count	jobs
	1	kraken_subsample
	1

[Wed Sep  7 15:13:35 2022]
rule kraken_subsample:
    input: atavide.out/ReadAnnotations/SRR1237783/kraken/SRR1237783_good_out_R1.0.6.fastq
    output: atavide.out/ReadAnnotations/SRR1237783/kraken/SRR1237783.report.0.6.tsv
    jobid: 0
    wildcards: sample=SRR1237783, frac=0.6
    threads: 8
    resources: mem_mb=256000, time=1440, load_superfocus=0, load_kraken=50, load_onehundred=0


        kraken2 --report atavide.out/ReadAnnotations/SRR1237783/kraken/SRR1237783.report.0.6.tsv                 --threads 8                 atavide.out/ReadAnnotations/SRR1237783/kraken/SRR1237783_good_out_R1.0.6.fastq
        
Activating conda environment: /scratch/user/nala0006/atavide-dev/atavide/atavide/atavide/workflow/conda/330fb15b
kraken2: Must specify DB with either --db or $KRAKEN2_DEFAULT_DB
[Wed Sep  7 15:13:38 2022]
Error in rule kraken_subsample:
    jobid: 0
    output: atavide.out/ReadAnnotations/SRR1237783/kraken/SRR1237783.report.0.6.tsv
    conda-env: /scratch/user/nala0006/atavide-dev/atavide/atavide/atavide/workflow/conda/330fb15b
    shell:
        
        kraken2 --report atavide.out/ReadAnnotations/SRR1237783/kraken/SRR1237783.report.0.6.tsv                 --threads 8                 atavide.out/ReadAnnotations/SRR1237783/kraken/SRR1237783_good_out_R1.0.6.fastq
        
        (one of the commands exited with non-zero exit code; note that snakemake uses bash strict mode!)

Shutting down, this might take some time.
Exiting because a job execution failed. Look above for error message
Building DAG of jobs...
Using shell: /usr/bin/bash
Provided cores: 8
Rules claiming more threads will be scaled down.
Job counts:
	count	jobs
	1	kraken_subsample
	1

[Wed Sep  7 15:14:03 2022]
rule kraken_subsample:
    input: atavide.out/ReadAnnotations/SRR1237783/kraken/SRR1237783_good_out_R1.0.6.fastq
    output: atavide.out/ReadAnnotations/SRR1237783/kraken/SRR1237783.report.0.6.tsv
    jobid: 0
    wildcards: sample=SRR1237783, frac=0.6
    threads: 8
    resources: mem_mb=256000, time=1440, load_superfocus=0, load_kraken=50, load_onehundred=0


        kraken2 --report atavide.out/ReadAnnotations/SRR1237783/kraken/SRR1237783.report.0.6.tsv                 --threads 8                 atavide.out/ReadAnnotations/SRR1237783/kraken/SRR1237783_good_out_R1.0.6.fastq
        
Activating conda environment: /scratch/user/nala0006/atavide-dev/atavide/atavide/atavide/workflow/conda/330fb15b
kraken2: Must specify DB with either --db or $KRAKEN2_DEFAULT_DB
[Wed Sep  7 15:14:06 2022]
Error in rule kraken_subsample:
    jobid: 0
    output: atavide.out/ReadAnnotations/SRR1237783/kraken/SRR1237783.report.0.6.tsv
    conda-env: /scratch/user/nala0006/atavide-dev/atavide/atavide/atavide/workflow/conda/330fb15b
    shell:
        
        kraken2 --report atavide.out/ReadAnnotations/SRR1237783/kraken/SRR1237783.report.0.6.tsv                 --threads 8                 atavide.out/ReadAnnotations/SRR1237783/kraken/SRR1237783_good_out_R1.0.6.fastq
        
        (one of the commands exited with non-zero exit code; note that snakemake uses bash strict mode!)

Shutting down, this might take some time.
Exiting because a job execution failed. Look above for error message
Building DAG of jobs...
Using shell: /usr/bin/bash
Provided cores: 8
Rules claiming more threads will be scaled down.
Job counts:
	count	jobs
	1	kraken_subsample
	1

[Wed Sep  7 15:30:07 2022]
rule kraken_subsample:
    input: atavide.out/ReadAnnotations/SRR1237783/kraken/SRR1237783_good_out_R1.0.6.fastq
    output: atavide.out/ReadAnnotations/SRR1237783/kraken/SRR1237783.report.0.6.tsv
    jobid: 0
    wildcards: sample=SRR1237783, frac=0.6
    threads: 8
    resources: mem_mb=256000, time=1440, load_superfocus=0, load_kraken=50, load_onehundred=0


        kraken2 --report atavide.out/ReadAnnotations/SRR1237783/kraken/SRR1237783.report.0.6.tsv                 --threads 8                 --db databases/kraken                 atavide.out/ReadAnnotations/SRR1237783/kraken/SRR1237783_good_out_R1.0.6.fastq
        
Activating conda environment: /scratch/user/nala0006/atavide-dev/atavide/atavide/atavide/workflow/conda/330fb15b
Loading database information... done.
14406 sequences (1.44 Mbp) processed in 0.124s (6994.8 Kseq/m, 699.89 Mbp/m).
  3291 sequences classified (22.84%)
  11115 sequences unclassified (77.16%)
[Wed Sep  7 15:30:13 2022]
Finished job 0.
1 of 1 steps (100%) done
Building DAG of jobs...
Using shell: /usr/bin/bash
Provided cores: 8
Rules claiming more threads will be scaled down.
Job counts:
	count	jobs
	1	kraken_subsample
	1

[Thu Sep  8 08:22:53 2022]
rule kraken_subsample:
    input: atavide.out/ReadAnnotations/SRR1237782/kraken/SRR1237782_good_out_R1.0.8.fastq
    output: atavide.out/ReadAnnotations/SRR1237782/kraken/SRR1237782.report.0.8.tsv
    jobid: 0
    wildcards: sample=SRR1237782, frac=0.8
    threads: 8
    resources: mem_mb=256000, time=1440, load_superfocus=0, load_kraken=50, load_onehundred=0


        kraken2 --report atavide.out/ReadAnnotations/SRR1237782/kraken/SRR1237782.report.0.8.tsv                 --threads 8                 --db databases/kraken                 atavide.out/ReadAnnotations/SRR1237782/kraken/SRR1237782_good_out_R1.0.8.fastq
        
Activating conda environment: /scratch/user/nala0006/atavide-dev/atavide/atavide/atavide/workflow/conda/330fb15b
Loading database information... done.
19346 sequences (1.94 Mbp) processed in 0.089s (13072.8 Kseq/m, 1307.96 Mbp/m).
  5200 sequences classified (26.88%)
  14146 sequences unclassified (73.12%)
[Thu Sep  8 08:22:58 2022]
Finished job 0.
1 of 1 steps (100%) done
