Building DAG of jobs...
Using shell: /usr/bin/bash
Provided cores: 8
Rules claiming more threads will be scaled down.
Job counts:
	count	jobs
	1	kraken_subsample
	1

[Thu Sep  8 13:15:52 2022]
rule kraken_subsample:
    input: atavide.out/ReadAnnotations/SRR1237780/kraken/SRR1237780_good_out_R1.0.1.fastq
    output: atavide.out/ReadAnnotations/SRR1237780/kraken/SRR1237780.report.0.1.tsv
    jobid: 0
    wildcards: sample=SRR1237780, frac=0.1
    threads: 8
    resources: mem_mb=256000, time=1440, load_superfocus=0, load_kraken=50, load_onehundred=0


        kraken2 --report atavide.out/ReadAnnotations/SRR1237780/kraken/SRR1237780.report.0.1.tsv                 --threads 8                 --db databases/kraken                 atavide.out/ReadAnnotations/SRR1237780/kraken/SRR1237780_good_out_R1.0.1.fastq
        
Activating conda environment: /scratch/user/nala0006/atavide-dev/atavide/atavide/atavide/workflow/conda/330fb15b
Loading database information... done.
2386 sequences (0.24 Mbp) processed in 0.107s (1332.2 Kseq/m, 133.38 Mbp/m).
  419 sequences classified (17.56%)
  1967 sequences unclassified (82.44%)
[Thu Sep  8 13:16:02 2022]
Finished job 0.
1 of 1 steps (100%) done
