Building DAG of jobs...
Using shell: /usr/bin/bash
Provided cores: 8
Rules claiming more threads will be scaled down.
Job counts:
	count	jobs
	1	kraken_subsample
	1

[Thu Sep  8 13:06:15 2022]
rule kraken_subsample:
    input: atavide.out/ReadAnnotations/SRR1237780/kraken/SRR1237780_good_out_R1.0.8.fastq
    output: atavide.out/ReadAnnotations/SRR1237780/kraken/SRR1237780.report.0.8.tsv
    jobid: 0
    wildcards: sample=SRR1237780, frac=0.8
    threads: 8
    resources: mem_mb=256000, time=1440, load_superfocus=0, load_kraken=50, load_onehundred=0


        kraken2 --report atavide.out/ReadAnnotations/SRR1237780/kraken/SRR1237780.report.0.8.tsv                 --threads 8                 --db databases/kraken                 atavide.out/ReadAnnotations/SRR1237780/kraken/SRR1237780_good_out_R1.0.8.fastq
        
Activating conda environment: /scratch/user/nala0006/atavide-dev/atavide/atavide/atavide/workflow/conda/330fb15b
Loading database information... done.
18716 sequences (1.87 Mbp) processed in 0.122s (9216.3 Kseq/m, 923.12 Mbp/m).
  3517 sequences classified (18.79%)
  15199 sequences unclassified (81.21%)
[Thu Sep  8 13:06:26 2022]
Finished job 0.
1 of 1 steps (100%) done
