Building DAG of jobs...
Using shell: /usr/bin/bash
Provided cores: 8
Rules claiming more threads will be scaled down.
Job counts:
	count	jobs
	1	kraken_subsample
	1

[Thu Sep  8 13:13:52 2022]
rule kraken_subsample:
    input: atavide.out/ReadAnnotations/SRR1237782/kraken/SRR1237782_good_out_R1.0.2.fastq
    output: atavide.out/ReadAnnotations/SRR1237782/kraken/SRR1237782.report.0.2.tsv
    jobid: 0
    wildcards: sample=SRR1237782, frac=0.2
    threads: 8
    resources: mem_mb=256000, time=1440, load_superfocus=0, load_kraken=50, load_onehundred=0


        kraken2 --report atavide.out/ReadAnnotations/SRR1237782/kraken/SRR1237782.report.0.2.tsv                 --threads 8                 --db databases/kraken                 atavide.out/ReadAnnotations/SRR1237782/kraken/SRR1237782_good_out_R1.0.2.fastq
        
Activating conda environment: /scratch/user/nala0006/atavide-dev/atavide/atavide/atavide/workflow/conda/330fb15b
Loading database information... done.
4853 sequences (0.49 Mbp) processed in 0.058s (4981.9 Kseq/m, 498.82 Mbp/m).
  1265 sequences classified (26.07%)
  3588 sequences unclassified (73.93%)
[Thu Sep  8 13:14:02 2022]
Finished job 0.
1 of 1 steps (100%) done
