Building DAG of jobs...
Using shell: /usr/bin/bash
Provided cores: 8
Rules claiming more threads will be scaled down.
Job counts:
	count	jobs
	1	kraken_subsample
	1

[Thu Sep  8 13:08:46 2022]
rule kraken_subsample:
    input: atavide.out/ReadAnnotations/SRR1237782/kraken/SRR1237782_good_out_R1.0.5.fastq
    output: atavide.out/ReadAnnotations/SRR1237782/kraken/SRR1237782.report.0.5.tsv
    jobid: 0
    wildcards: sample=SRR1237782, frac=0.5
    threads: 8
    resources: mem_mb=256000, time=1440, load_superfocus=0, load_kraken=50, load_onehundred=0


        kraken2 --report atavide.out/ReadAnnotations/SRR1237782/kraken/SRR1237782.report.0.5.tsv                 --threads 8                 --db databases/kraken                 atavide.out/ReadAnnotations/SRR1237782/kraken/SRR1237782_good_out_R1.0.5.fastq
        
Activating conda environment: /scratch/user/nala0006/atavide-dev/atavide/atavide/atavide/workflow/conda/330fb15b
Loading database information... done.
12060 sequences (1.21 Mbp) processed in 0.107s (6741.8 Kseq/m, 674.69 Mbp/m).
  3155 sequences classified (26.16%)
  8905 sequences unclassified (73.84%)
[Thu Sep  8 13:08:56 2022]
Finished job 0.
1 of 1 steps (100%) done
