Building DAG of jobs...
Using shell: /usr/bin/bash
Provided cores: 8
Rules claiming more threads will be scaled down.
Job counts:
	count	jobs
	1	single_reads_unmapped
	1

[Thu Sep  8 13:03:22 2022]
rule single_reads_unmapped:
    input: atavide.out/host_mapped/SRR1237783.hostmapped.bam
    output: atavide.out/QC_after_hostremoval/SRR1237783_single_out_R1.fastq, atavide.out/QC_after_hostremoval/SRR1237783_single_out_R2.fastq
    jobid: 0
    wildcards: sample=SRR1237783
    threads: 8
    resources: mem_mb=16000, time=1440, load_superfocus=0, load_kraken=0, load_onehundred=0


        samtools fastq -@ 8 -f 4 -F 1  atavide.out/host_mapped/SRR1237783.hostmapped.bam > atavide.out/QC_after_hostremoval/SRR1237783_single_out_R1.fastq &&
        touch atavide.out/QC_after_hostremoval/SRR1237783_single_out_R2.fastq
        
Activating conda environment: /scratch/user/nala0006/atavide-dev/atavide/atavide/atavide/workflow/conda/472d950e
[M::bam2fq_mainloop] discarded 0 singletons
[M::bam2fq_mainloop] processed 0 reads
[Thu Sep  8 13:04:00 2022]
Finished job 0.
1 of 1 steps (100%) done
