Building DAG of jobs...
Using shell: /usr/bin/bash
Provided cores: 8
Rules claiming more threads will be scaled down.
Job counts:
	count	jobs
	1	map_reads
	1

[Thu Sep  8 13:09:20 2022]
rule map_reads:
    input: atavide.out/assemblies/reads.contigs.1/round1_contigs.1.bt2l, atavide.out/assemblies/reads.contigs.1/round1_contigs.2.bt2l, atavide.out/assemblies/reads.contigs.1/round1_contigs.3.bt2l, atavide.out/assemblies/reads.contigs.1/round1_contigs.4.bt2l, atavide.out/assemblies/reads.contigs.1/round1_contigs.rev.1.bt2l, atavide.out/assemblies/reads.contigs.1/round1_contigs.rev.2.bt2l, atavide.out/QC_after_hostremoval/SRR1237780_good_out_R1.fastq, atavide.out/QC_after_hostremoval/SRR1237780_good_out_R2.fastq, atavide.out/QC_after_hostremoval/SRR1237780_single_out_R1.fastq, atavide.out/QC_after_hostremoval/SRR1237780_single_out_R2.fastq
    output: atavide.out/assemblies/reads.contigs.1/SRR1237780.contigs.bam
    jobid: 0
    wildcards: sample=SRR1237780
    threads: 8
    resources: mem_mb=20000, time=1440, load_superfocus=0, load_kraken=0, load_onehundred=0


        bowtie2 --mm -x atavide.out/assemblies/reads.contigs.1/round1_contigs -1 atavide.out/QC_after_hostremoval/SRR1237780_good_out_R1.fastq -2 atavide.out/QC_after_hostremoval/SRR1237780_good_out_R2.fastq         -U atavide.out/QC_after_hostremoval/SRR1237780_single_out_R1.fastq -U atavide.out/QC_after_hostremoval/SRR1237780_single_out_R2.fastq --threads 8 |         samtools view -bh | samtools sort -o atavide.out/assemblies/reads.contigs.1/SRR1237780.contigs.bam -
        
Activating conda environment: /scratch/user/nala0006/atavide-dev/atavide/atavide/atavide/workflow/conda/472d950e
Unable to read file magic number
Unable to read file magic number
23363 reads; of these:
  23363 (100.00%) were paired; of these:
    23363 (100.00%) aligned concordantly 0 times
    0 (0.00%) aligned concordantly exactly 1 time
    0 (0.00%) aligned concordantly >1 times
    ----
    23363 pairs aligned concordantly 0 times; of these:
      0 (0.00%) aligned discordantly 1 time
    ----
    23363 pairs aligned 0 times concordantly or discordantly; of these:
      46726 mates make up the pairs; of these:
        45788 (97.99%) aligned 0 times
        71 (0.15%) aligned exactly 1 time
        867 (1.86%) aligned >1 times
2.01% overall alignment rate
[Thu Sep  8 13:10:04 2022]
Finished job 0.
1 of 1 steps (100%) done
