Building DAG of jobs...
Using shell: /usr/bin/bash
Provided cores: 2
Rules claiming more threads will be scaled down.
Job counts:
	count	jobs
	1	kraken_phyla
	1

[Wed Sep  7 16:04:58 2022]
rule kraken_phyla:
    input: atavide.out/ReadAnnotations/SRR1237780/kraken/SRR1237780.report.tsv
    output: atavide.out/ReadAnnotations/SRR1237780/kraken/SRR1237780.phyla_fraction.tsv
    jobid: 0
    wildcards: sample=SRR1237780
    resources: mem_mb=2000, time=1440, load_superfocus=0, load_kraken=0, load_onehundred=0


        echo "Family	SRR1237780" > atavide.out/ReadAnnotations/SRR1237780/kraken/SRR1237780.phyla_fraction.tsv;
        cat atavide.out/ReadAnnotations/SRR1237780/kraken/SRR1237780.report.tsv | sed -e 's/Candidatus//' |         awk '{if ($4 == "P") {printf "%s\t%f\n", $6, $1}; }' >> atavide.out/ReadAnnotations/SRR1237780/kraken/SRR1237780.phyla_fraction.tsv
        
[Wed Sep  7 16:04:58 2022]
Finished job 0.
1 of 1 steps (100%) done
Building DAG of jobs...
Using shell: /usr/bin/bash
Provided cores: 2
Rules claiming more threads will be scaled down.
Job counts:
	count	jobs
	1	kraken_phyla
	1

[Thu Sep  8 08:22:35 2022]
rule kraken_phyla:
    input: atavide.out/ReadAnnotations/SRR1237780/kraken/SRR1237780.report.tsv
    output: atavide.out/ReadAnnotations/SRR1237780/kraken/SRR1237780.phyla_fraction.tsv
    jobid: 0
    wildcards: sample=SRR1237780
    resources: mem_mb=2000, time=1440, load_superfocus=0, load_kraken=0, load_onehundred=0


        echo "Family	SRR1237780" > atavide.out/ReadAnnotations/SRR1237780/kraken/SRR1237780.phyla_fraction.tsv;
        cat atavide.out/ReadAnnotations/SRR1237780/kraken/SRR1237780.report.tsv | sed -e 's/Candidatus//' |         awk '{if ($4 == "P") {printf "%s\t%f\n", $6, $1}; }' >> atavide.out/ReadAnnotations/SRR1237780/kraken/SRR1237780.phyla_fraction.tsv
        
[Thu Sep  8 08:22:35 2022]
Finished job 0.
1 of 1 steps (100%) done
Building DAG of jobs...
Using shell: /usr/bin/bash
Provided cores: 2
Rules claiming more threads will be scaled down.
Job counts:
	count	jobs
	1	kraken_phyla
	1

[Thu Sep  8 08:44:05 2022]
rule kraken_phyla:
    input: atavide.out/ReadAnnotations/SRR1237780/kraken/SRR1237780.report.tsv
    output: atavide.out/ReadAnnotations/SRR1237780/kraken/SRR1237780.phyla_fraction.tsv
    jobid: 0
    wildcards: sample=SRR1237780
    resources: mem_mb=2000, time=1440, load_superfocus=0, load_kraken=0, load_onehundred=0


        echo "Family	SRR1237780" > atavide.out/ReadAnnotations/SRR1237780/kraken/SRR1237780.phyla_fraction.tsv;
        cat atavide.out/ReadAnnotations/SRR1237780/kraken/SRR1237780.report.tsv | sed -e 's/Candidatus//' |         awk '{if ($4 == "P") {printf "%s\t%f\n", $6, $1}; }' >> atavide.out/ReadAnnotations/SRR1237780/kraken/SRR1237780.phyla_fraction.tsv
        
[Thu Sep  8 08:44:05 2022]
Finished job 0.
1 of 1 steps (100%) done
