Building DAG of jobs...
Using shell: /usr/bin/bash
Provided cores: 2
Rules claiming more threads will be scaled down.
Job counts:
	count	jobs
	1	join_fqchk_cols
	1

[Wed Sep  7 16:05:45 2022]
rule join_fqchk_cols:
    input: atavide.out/ReadAnnotations/SRR1237780/statistics/SRR1237780_good_out_R1.fqchk.tsv.tmp, atavide.out/ReadAnnotations/SRR1237782/statistics/SRR1237782_good_out_R1.fqchk.tsv.tmp, atavide.out/ReadAnnotations/SRR1237783/statistics/SRR1237783_good_out_R1.fqchk.tsv.tmp
    output: atavide.out/statistics/av_quality_scores_by_position.tsv
    jobid: 0
    resources: mem_mb=2000, time=1440, load_superfocus=0, load_kraken=0, load_onehundred=0


        perl /scratch/user/nala0006/atavide-dev/atavide/atavide/atavide/workflow/scripts/joinlists.pl -h atavide.out/ReadAnnotations/SRR1237780/statistics/SRR1237780_good_out_R1.fqchk.tsv.tmp atavide.out/ReadAnnotations/SRR1237782/statistics/SRR1237782_good_out_R1.fqchk.tsv.tmp atavide.out/ReadAnnotations/SRR1237783/statistics/SRR1237783_good_out_R1.fqchk.tsv.tmp > atavide.out/statistics/av_quality_scores_by_position.tsv
        
[Wed Sep  7 16:05:45 2022]
Finished job 0.
1 of 1 steps (100%) done
Building DAG of jobs...
Using shell: /usr/bin/bash
Provided cores: 2
Rules claiming more threads will be scaled down.
Job counts:
	count	jobs
	1	join_fqchk_cols
	1

[Thu Sep  8 08:24:05 2022]
rule join_fqchk_cols:
    input: atavide.out/ReadAnnotations/SRR1237780/statistics/SRR1237780_good_out_R1.fqchk.tsv.tmp, atavide.out/ReadAnnotations/SRR1237782/statistics/SRR1237782_good_out_R1.fqchk.tsv.tmp, atavide.out/ReadAnnotations/SRR1237783/statistics/SRR1237783_good_out_R1.fqchk.tsv.tmp
    output: atavide.out/statistics/av_quality_scores_by_position.tsv
    jobid: 0
    resources: mem_mb=2000, time=1440, load_superfocus=0, load_kraken=0, load_onehundred=0


        perl /scratch/user/nala0006/atavide-dev/atavide/atavide/atavide/workflow/scripts/joinlists.pl -h atavide.out/ReadAnnotations/SRR1237780/statistics/SRR1237780_good_out_R1.fqchk.tsv.tmp atavide.out/ReadAnnotations/SRR1237782/statistics/SRR1237782_good_out_R1.fqchk.tsv.tmp atavide.out/ReadAnnotations/SRR1237783/statistics/SRR1237783_good_out_R1.fqchk.tsv.tmp > atavide.out/statistics/av_quality_scores_by_position.tsv
        
[Thu Sep  8 08:24:05 2022]
Finished job 0.
1 of 1 steps (100%) done
Building DAG of jobs...
Using shell: /usr/bin/bash
Provided cores: 2
Rules claiming more threads will be scaled down.
Job counts:
	count	jobs
	1	join_fqchk_cols
	1

[Thu Sep  8 09:23:35 2022]
rule join_fqchk_cols:
    input: atavide.out/ReadAnnotations/SRR1237780/statistics/SRR1237780_good_out_R1.fqchk.tsv.tmp, atavide.out/ReadAnnotations/SRR1237782/statistics/SRR1237782_good_out_R1.fqchk.tsv.tmp, atavide.out/ReadAnnotations/SRR1237783/statistics/SRR1237783_good_out_R1.fqchk.tsv.tmp
    output: atavide.out/statistics/av_quality_scores_by_position.tsv
    jobid: 0
    resources: mem_mb=2000, time=1440, load_superfocus=0, load_kraken=0, load_onehundred=0


        perl /scratch/user/nala0006/atavide-dev/atavide/atavide/atavide/workflow/scripts/joinlists.pl -h atavide.out/ReadAnnotations/SRR1237780/statistics/SRR1237780_good_out_R1.fqchk.tsv.tmp atavide.out/ReadAnnotations/SRR1237782/statistics/SRR1237782_good_out_R1.fqchk.tsv.tmp atavide.out/ReadAnnotations/SRR1237783/statistics/SRR1237783_good_out_R1.fqchk.tsv.tmp > atavide.out/statistics/av_quality_scores_by_position.tsv
        
[Thu Sep  8 09:23:35 2022]
Finished job 0.
1 of 1 steps (100%) done
