Building DAG of jobs...
Using shell: /usr/bin/bash
Provided cores: 8
Rules claiming more threads will be scaled down.
Job counts:
	count	jobs
	1	index_contigs
	1

[Thu Sep  8 13:07:50 2022]
rule index_contigs:
    input: atavide.out/assemblies/assembly.1/round1_contigs.fa
    output: atavide.out/assemblies/reads.contigs.1/round1_contigs.1.bt2l, atavide.out/assemblies/reads.contigs.1/round1_contigs.2.bt2l, atavide.out/assemblies/reads.contigs.1/round1_contigs.3.bt2l, atavide.out/assemblies/reads.contigs.1/round1_contigs.4.bt2l, atavide.out/assemblies/reads.contigs.1/round1_contigs.rev.1.bt2l, atavide.out/assemblies/reads.contigs.1/round1_contigs.rev.2.bt2l
    jobid: 0
    threads: 8
    resources: mem_mb=64000, time=1440, load_superfocus=0, load_kraken=0, load_onehundred=0


        mkdir -p atavide.out/assemblies/reads.contigs.1 &&         bowtie2-build --threads 8 --large-index atavide.out/assemblies/assembly.1/round1_contigs.fa atavide.out/assemblies/reads.contigs.1/round1_contigs
        
Activating conda environment: /scratch/user/nala0006/atavide-dev/atavide/atavide/atavide/workflow/conda/472d950e
Building a LARGE index
Renaming atavide.out/assemblies/reads.contigs.1/round1_contigs.3.bt2l.tmp to atavide.out/assemblies/reads.contigs.1/round1_contigs.3.bt2l
Renaming atavide.out/assemblies/reads.contigs.1/round1_contigs.4.bt2l.tmp to atavide.out/assemblies/reads.contigs.1/round1_contigs.4.bt2l
Renaming atavide.out/assemblies/reads.contigs.1/round1_contigs.1.bt2l.tmp to atavide.out/assemblies/reads.contigs.1/round1_contigs.1.bt2l
Renaming atavide.out/assemblies/reads.contigs.1/round1_contigs.2.bt2l.tmp to atavide.out/assemblies/reads.contigs.1/round1_contigs.2.bt2l
Renaming atavide.out/assemblies/reads.contigs.1/round1_contigs.rev.1.bt2l.tmp to atavide.out/assemblies/reads.contigs.1/round1_contigs.rev.1.bt2l
Renaming atavide.out/assemblies/reads.contigs.1/round1_contigs.rev.2.bt2l.tmp to atavide.out/assemblies/reads.contigs.1/round1_contigs.rev.2.bt2l
[Thu Sep  8 13:08:45 2022]
Finished job 0.
1 of 1 steps (100%) done
